#
# There is insufficient memory for the Java Runtime Environment to continue.
# Native memory allocation (mmap) failed to map 996147200 bytes for G1 virtual space
# Possible reasons:
#   The system is out of physical RAM or swap space
#   The process is running with CompressedOops enabled, and the Java Heap may be blocking the growth of the native heap
# Possible solutions:
#   Reduce memory load on the system
#   Increase physical memory or swap space
#   Check if swap backing store is full
#   Decrease Java heap size (-Xmx/-Xms)
#   Decrease number of Java threads
#   Decrease Java thread stack sizes (-Xss)
#   Set larger code cache with -XX:ReservedCodeCacheSize=
#   JVM is running with Zero Based Compressed Oops mode in which the Java heap is
#     placed in the first 32GB address space. The Java Heap base address is the
#     maximum limit for the native heap growth. Please use -XX:HeapBaseMinAddress
#     to set the Java Heap base and to place the Java Heap above 32GB virtual address.
# This output file may be truncated or incomplete.
#
#  Out of Memory Error (os_windows.cpp:3541), pid=36424, tid=36640
#
# JRE version: OpenJDK Runtime Environment Temurin-17.0.4+8 (17.0.4+8) (build 17.0.4+8)
# Java VM: OpenJDK 64-Bit Server VM Temurin-17.0.4+8 (17.0.4+8, mixed mode, tiered, compressed oops, compressed class ptrs, g1 gc, windows-amd64)
# No core dump will be written. Minidumps are not enabled by default on client versions of Windows
#

---------------  S U M M A R Y ------------

Command Line: --module-path=javafx-sdk-19\lib --add-modules=javafx.controls,javafx.fxml -Dfile.encoding=UTF-8 -XX:+ShowCodeDetailsInExceptionMessages app.Runner

Host: 12th Gen Intel(R) Core(TM) i7-12700H, 20 cores, 15G,  Windows 11 , 64 bit Build 22000 (10.0.22000.708)
Time: Sat Sep 24 21:37:26 2022 Eastern Daylight Time elapsed time: 0.815370 seconds (0d 0h 0m 0s)

---------------  T H R E A D  ---------------

Current thread (0x000001abc5f8a8e0):  VMThread "VM Thread" [stack: 0x0000003888a00000,0x0000003888b00000] [id=36640]

Stack: [0x0000003888a00000,0x0000003888b00000]
Native frames: (J=compiled Java code, j=interpreted, Vv=VM code, C=native code)
V  [jvm.dll+0x67733a]
V  [jvm.dll+0x8323c4]
V  [jvm.dll+0x833b6e]
V  [jvm.dll+0x8341d3]
V  [jvm.dll+0x2455e5]
V  [jvm.dll+0x674229]
V  [jvm.dll+0x668ab2]
V  [jvm.dll+0x30458b]
V  [jvm.dll+0x30bad6]
V  [jvm.dll+0x35ba7e]
V  [jvm.dll+0x35bcaf]
V  [jvm.dll+0x2db428]
V  [jvm.dll+0x2d96dc]
V  [jvm.dll+0x2d8cac]
V  [jvm.dll+0x31cf31]
V  [jvm.dll+0x83867b]
V  [jvm.dll+0x8393b4]
V  [jvm.dll+0x8398cc]
V  [jvm.dll+0x839ca4]
V  [jvm.dll+0x839d70]
V  [jvm.dll+0x7e245a]
V  [jvm.dll+0x6761c5]
C  [ucrtbase.dll+0x26c0c]
C  [KERNEL32.DLL+0x154e0]
C  [ntdll.dll+0x485b]

VM_Operation (0x000000388a1fc510): G1TryInitiateConcMark, mode: safepoint, requested by thread 0x000001abc76637c0


---------------  P R O C E S S  ---------------

Threads class SMR info:
_java_thread_list=0x000001abc7e22c50, length=23, elements={
0x000001aba65d0a40, 0x000001abc6840640, 0x000001abc6849480, 0x000001abc68a4290,
0x000001abc68a6b60, 0x000001abc68a7420, 0x000001abc68a7dd0, 0x000001abc68a8ab0,
0x000001abc68b4a60, 0x000001abc68c6b30, 0x000001abc6a46a80, 0x000001abc69fa1b0,
0x000001abc6a809c0, 0x000001abc6a97040, 0x000001abc6a97e10, 0x000001abc6b47780,
0x000001abc6d6ea20, 0x000001abc7260990, 0x000001abc7241e70, 0x000001abc7689950,
0x000001abc76637c0, 0x000001abc7884450, 0x000001abc7840360
}

Java Threads: ( => current thread )
  0x000001aba65d0a40 JavaThread "main" [_thread_blocked, id=30628, stack(0x0000003888400000,0x0000003888500000)]
  0x000001abc6840640 JavaThread "Reference Handler" daemon [_thread_blocked, id=31288, stack(0x0000003888b00000,0x0000003888c00000)]
  0x000001abc6849480 JavaThread "Finalizer" daemon [_thread_blocked, id=34956, stack(0x0000003888c00000,0x0000003888d00000)]
  0x000001abc68a4290 JavaThread "Signal Dispatcher" daemon [_thread_blocked, id=31100, stack(0x0000003888d00000,0x0000003888e00000)]
  0x000001abc68a6b60 JavaThread "Attach Listener" daemon [_thread_blocked, id=36768, stack(0x0000003888e00000,0x0000003888f00000)]
  0x000001abc68a7420 JavaThread "Service Thread" daemon [_thread_blocked, id=23668, stack(0x0000003888f00000,0x0000003889000000)]
  0x000001abc68a7dd0 JavaThread "Monitor Deflation Thread" daemon [_thread_blocked, id=5776, stack(0x0000003889000000,0x0000003889100000)]
  0x000001abc68a8ab0 JavaThread "C2 CompilerThread0" daemon [_thread_blocked, id=21580, stack(0x0000003889100000,0x0000003889200000)]
  0x000001abc68b4a60 JavaThread "C1 CompilerThread0" daemon [_thread_blocked, id=33040, stack(0x0000003889200000,0x0000003889300000)]
  0x000001abc68c6b30 JavaThread "Sweeper thread" daemon [_thread_blocked, id=29256, stack(0x0000003889300000,0x0000003889400000)]
  0x000001abc6a46a80 JavaThread "Common-Cleaner" daemon [_thread_blocked, id=31356, stack(0x0000003889400000,0x0000003889500000)]
  0x000001abc69fa1b0 JavaThread "C1 CompilerThread1" daemon [_thread_blocked, id=30532, stack(0x0000003889500000,0x0000003889600000)]
  0x000001abc6a809c0 JavaThread "C1 CompilerThread2" daemon [_thread_blocked, id=17960, stack(0x0000003889600000,0x0000003889700000)]
  0x000001abc6a97040 JavaThread "C1 CompilerThread3" daemon [_thread_blocked, id=28320, stack(0x0000003889700000,0x0000003889800000)]
  0x000001abc6a97e10 JavaThread "C2 CompilerThread1" daemon [_thread_blocked, id=24924, stack(0x0000003889800000,0x0000003889900000)]
  0x000001abc6b47780 JavaThread "C2 CompilerThread2" daemon [_thread_blocked, id=36624, stack(0x0000003889900000,0x0000003889a00000)]
  0x000001abc6d6ea20 JavaThread "C2 CompilerThread3" daemon [_thread_blocked, id=29068, stack(0x0000003889a00000,0x0000003889b00000)]
  0x000001abc7260990 JavaThread "Notification Thread" daemon [_thread_blocked, id=36528, stack(0x0000003889d00000,0x0000003889e00000)]
  0x000001abc7241e70 JavaThread "QuantumRenderer-0" daemon [_thread_blocked, id=34396, stack(0x0000003889f00000,0x000000388a000000)]
  0x000001abc7689950 JavaThread "InvokeLaterDispatcher" daemon [_thread_blocked, id=25948, stack(0x000000388a000000,0x000000388a100000)]
  0x000001abc76637c0 JavaThread "JavaFX Application Thread" [_thread_blocked, id=36432, stack(0x000000388a100000,0x000000388a200000)]
  0x000001abc7884450 JavaThread "JavaFX-Launcher" [_thread_blocked, id=32864, stack(0x000000388a300000,0x000000388a400000)]
  0x000001abc7840360 JavaThread "Thread-2" daemon [_thread_blocked, id=36232, stack(0x0000003889c00000,0x0000003889d00000)]

Other Threads:
=>0x000001abc5f8a8e0 VMThread "VM Thread" [stack: 0x0000003888a00000,0x0000003888b00000] [id=36640]
  0x000001aba669fe70 WatcherThread [stack: 0x0000003889e00000,0x0000003889f00000] [id=27628]
  0x000001aba663b7b0 GCTaskThread "GC Thread#0" [stack: 0x0000003888500000,0x0000003888600000] [id=34476]
  0x000001abc7840c40 GCTaskThread "GC Thread#1" [stack: 0x000000388a400000,0x000000388a500000] [id=30808]
  0x000001abc7884920 GCTaskThread "GC Thread#2" [stack: 0x000000388a500000,0x000000388a600000] [id=7640]
  0x000001abc78eaef0 GCTaskThread "GC Thread#3" [stack: 0x000000388a600000,0x000000388a700000] [id=32580]
  0x000001abc78dacc0 GCTaskThread "GC Thread#4" [stack: 0x000000388a700000,0x000000388a800000] [id=36388]
  0x000001abc78d0c70 GCTaskThread "GC Thread#5" [stack: 0x000000388a800000,0x000000388a900000] [id=36112]
  0x000001abc8052c40 GCTaskThread "GC Thread#6" [stack: 0x000000388a900000,0x000000388aa00000] [id=26608]
  0x000001abc7eb9860 GCTaskThread "GC Thread#7" [stack: 0x000000388aa00000,0x000000388ab00000] [id=28924]
  0x000001abd171d560 GCTaskThread "GC Thread#8" [stack: 0x0000003889b00000,0x0000003889c00000] [id=36240]
  0x000001abd171caa0 GCTaskThread "GC Thread#9" [stack: 0x000000388ae00000,0x000000388af00000] [id=36072]
  0x000001abd171dd70 GCTaskThread "GC Thread#10" [stack: 0x000000388af00000,0x000000388b000000] [id=36400]
  0x000001aba664cb30 ConcurrentGCThread "G1 Main Marker" [stack: 0x0000003888600000,0x0000003888700000] [id=36148]
  0x000001aba664d540 ConcurrentGCThread "G1 Conc#0" [stack: 0x0000003888700000,0x0000003888800000] [id=36520]
  0x000001abc84c9690 ConcurrentGCThread "G1 Conc#1" [stack: 0x000000388ab00000,0x000000388ac00000] [id=1612]
  0x000001abc7921ad0 ConcurrentGCThread "G1 Conc#2" [stack: 0x000000388ac00000,0x000000388ad00000] [id=32804]
  0x000001abc79222f0 ConcurrentGCThread "G1 Conc#3" [stack: 0x000000388ad00000,0x000000388ae00000] [id=24336]
  0x000001abc5e375c0 ConcurrentGCThread "G1 Refine#0" [stack: 0x0000003888800000,0x0000003888900000] [id=34968]
  0x000001abc5e37d90 ConcurrentGCThread "G1 Service" [stack: 0x0000003888900000,0x0000003888a00000] [id=33720]

Threads with active compile tasks:

VM state: at safepoint (normal execution)

VM Mutex/Monitor currently owned by a thread:  ([mutex/lock_event])
[0x000001aba65cbb50] Threads_lock - owner thread: 0x000001abc5f8a8e0
[0x000001aba65cb910] Heap_lock - owner thread: 0x000001abc76637c0

Heap address: 0x0000000704c00000, size: 4020 MB, Compressed Oops mode: Zero based, Oop shift amount: 3

CDS archive(s) not mapped
Compressed class space mapped at: 0x0000000800000000-0x0000000840000000, reserved size: 1073741824
Narrow klass base: 0x0000000800000000, Narrow klass shift: 0, Narrow klass range: 0x40000000

GC Precious Log:
 CPUs: 20 total, 20 available
 Memory: 16074M
 Large Page Support: Disabled
 NUMA Support: Disabled
 Compressed Oops: Enabled (Zero based)
 Heap Region Size: 2M
 Heap Min Capacity: 8M
 Heap Initial Capacity: 252M
 Heap Max Capacity: 4020M
 Pre-touch: Disabled
 Parallel Workers: 15
 Concurrent Workers: 4
 Concurrent Refinement Workers: 15
 Periodic GC: Disabled

Heap:
 garbage-first heap   total 501760K, used 270661K [0x0000000704c00000, 0x0000000800000000)
  region size 2048K, 2 young (4096K), 2 survivors (4096K)
 Metaspace       used 16044K, committed 16256K, reserved 1064960K
  class space    used 1831K, committed 1920K, reserved 1048576K

Heap Regions: E=young(eden), S=young(survivor), O=old, HS=humongous(starts), HC=humongous(continues), CS=collection set, F=free, OA=open archive, CA=closed archive, TAMS=top-at-mark-start (previous, next)
|   0|0x0000000704c00000, 0x0000000704e00000, 0x0000000704e00000|100%|HS|  |TAMS 0x0000000704e00000, 0x0000000704e00000| Complete 
|   1|0x0000000704e00000, 0x0000000705000000, 0x0000000705000000|100%|HS|  |TAMS 0x0000000705000000, 0x0000000705000000| Complete 
|   2|0x0000000705000000, 0x0000000705200000, 0x0000000705200000|100%|HC|  |TAMS 0x0000000705200000, 0x0000000705200000| Complete 
|   3|0x0000000705200000, 0x0000000705400000, 0x0000000705400000|100%|HS|  |TAMS 0x0000000705400000, 0x0000000705400000| Complete 
|   4|0x0000000705400000, 0x0000000705600000, 0x0000000705600000|100%|HC|  |TAMS 0x0000000705600000, 0x0000000705600000| Complete 
|   5|0x0000000705600000, 0x0000000705800000, 0x0000000705800000|100%|HS|  |TAMS 0x0000000705800000, 0x0000000705800000| Complete 
|   6|0x0000000705800000, 0x0000000705a00000, 0x0000000705a00000|100%|HC|  |TAMS 0x0000000705a00000, 0x0000000705a00000| Complete 
|   7|0x0000000705a00000, 0x0000000705c00000, 0x0000000705c00000|100%|HC|  |TAMS 0x0000000705c00000, 0x0000000705c00000| Complete 
|   8|0x0000000705c00000, 0x0000000705e00000, 0x0000000705e00000|100%|HC|  |TAMS 0x0000000705e00000, 0x0000000705e00000| Complete 
|   9|0x0000000705e00000, 0x0000000706000000, 0x0000000706000000|100%|HC|  |TAMS 0x0000000706000000, 0x0000000706000000| Complete 
|  10|0x0000000706000000, 0x0000000706200000, 0x0000000706200000|100%|HC|  |TAMS 0x0000000706200000, 0x0000000706200000| Complete 
|  11|0x0000000706200000, 0x0000000706400000, 0x0000000706400000|100%|HC|  |TAMS 0x0000000706400000, 0x0000000706400000| Complete 
|  12|0x0000000706400000, 0x0000000706600000, 0x0000000706600000|100%|HS|  |TAMS 0x0000000706600000, 0x0000000706600000| Complete 
|  13|0x0000000706600000, 0x0000000706800000, 0x0000000706800000|100%|HS|  |TAMS 0x0000000706800000, 0x0000000706800000| Complete 
|  14|0x0000000706800000, 0x0000000706a00000, 0x0000000706a00000|100%|HS|  |TAMS 0x0000000706a00000, 0x0000000706a00000| Complete 
|  15|0x0000000706a00000, 0x0000000706c00000, 0x0000000706c00000|100%|HS|  |TAMS 0x0000000706c00000, 0x0000000706c00000| Complete 
|  16|0x0000000706c00000, 0x0000000706e00000, 0x0000000706e00000|100%|HS|  |TAMS 0x0000000706e00000, 0x0000000706e00000| Complete 
|  17|0x0000000706e00000, 0x0000000707000000, 0x0000000707000000|100%|HS|  |TAMS 0x0000000707000000, 0x0000000707000000| Complete 
|  18|0x0000000707000000, 0x0000000707200000, 0x0000000707200000|100%|HS|  |TAMS 0x0000000707200000, 0x0000000707200000| Complete 
|  19|0x0000000707200000, 0x0000000707400000, 0x0000000707400000|100%|HS|  |TAMS 0x0000000707400000, 0x0000000707400000| Complete 
|  20|0x0000000707400000, 0x0000000707600000, 0x0000000707600000|100%|HS|  |TAMS 0x0000000707600000, 0x0000000707600000| Complete 
|  21|0x0000000707600000, 0x0000000707800000, 0x0000000707800000|100%|HS|  |TAMS 0x0000000707800000, 0x0000000707800000| Complete 
|  22|0x0000000707800000, 0x0000000707a00000, 0x0000000707a00000|100%|HS|  |TAMS 0x0000000707a00000, 0x0000000707a00000| Complete 
|  23|0x0000000707a00000, 0x0000000707c00000, 0x0000000707c00000|100%|HS|  |TAMS 0x0000000707c00000, 0x0000000707c00000| Complete 
|  24|0x0000000707c00000, 0x0000000707e00000, 0x0000000707e00000|100%|HS|  |TAMS 0x0000000707e00000, 0x0000000707e00000| Complete 
|  25|0x0000000707e00000, 0x0000000708000000, 0x0000000708000000|100%|HS|  |TAMS 0x0000000708000000, 0x0000000708000000| Complete 
|  26|0x0000000708000000, 0x0000000708200000, 0x0000000708200000|100%|HS|  |TAMS 0x0000000708200000, 0x0000000708200000| Complete 
|  27|0x0000000708200000, 0x0000000708400000, 0x0000000708400000|100%|HS|  |TAMS 0x0000000708400000, 0x0000000708400000| Complete 
|  28|0x0000000708400000, 0x0000000708600000, 0x0000000708600000|100%|HS|  |TAMS 0x0000000708600000, 0x0000000708600000| Complete 
|  29|0x0000000708600000, 0x0000000708800000, 0x0000000708800000|100%|HS|  |TAMS 0x0000000708800000, 0x0000000708800000| Complete 
|  30|0x0000000708800000, 0x0000000708a00000, 0x0000000708a00000|100%|HS|  |TAMS 0x0000000708a00000, 0x0000000708a00000| Complete 
|  31|0x0000000708a00000, 0x0000000708c00000, 0x0000000708c00000|100%|HS|  |TAMS 0x0000000708c00000, 0x0000000708c00000| Complete 
|  32|0x0000000708c00000, 0x0000000708e00000, 0x0000000708e00000|100%|HS|  |TAMS 0x0000000708e00000, 0x0000000708e00000| Complete 
|  33|0x0000000708e00000, 0x0000000709000000, 0x0000000709000000|100%|HS|  |TAMS 0x0000000709000000, 0x0000000709000000| Complete 
|  34|0x0000000709000000, 0x0000000709200000, 0x0000000709200000|100%|HS|  |TAMS 0x0000000709200000, 0x0000000709200000| Complete 
|  35|0x0000000709200000, 0x0000000709400000, 0x0000000709400000|100%|HS|  |TAMS 0x0000000709400000, 0x0000000709400000| Complete 
|  36|0x0000000709400000, 0x0000000709600000, 0x0000000709600000|100%|HS|  |TAMS 0x0000000709600000, 0x0000000709600000| Complete 
|  37|0x0000000709600000, 0x0000000709800000, 0x0000000709800000|100%|HS|  |TAMS 0x0000000709800000, 0x0000000709800000| Complete 
|  38|0x0000000709800000, 0x0000000709a00000, 0x0000000709a00000|100%|HS|  |TAMS 0x0000000709a00000, 0x0000000709a00000| Complete 
|  39|0x0000000709a00000, 0x0000000709c00000, 0x0000000709c00000|100%|HS|  |TAMS 0x0000000709c00000, 0x0000000709c00000| Complete 
|  40|0x0000000709c00000, 0x0000000709e00000, 0x0000000709e00000|100%|HS|  |TAMS 0x0000000709e00000, 0x0000000709e00000| Complete 
|  41|0x0000000709e00000, 0x000000070a000000, 0x000000070a000000|100%|HS|  |TAMS 0x000000070a000000, 0x000000070a000000| Complete 
|  42|0x000000070a000000, 0x000000070a200000, 0x000000070a200000|100%|HS|  |TAMS 0x000000070a200000, 0x000000070a200000| Complete 
|  43|0x000000070a200000, 0x000000070a400000, 0x000000070a400000|100%|HS|  |TAMS 0x000000070a400000, 0x000000070a400000| Complete 
|  44|0x000000070a400000, 0x000000070a600000, 0x000000070a600000|100%|HS|  |TAMS 0x000000070a600000, 0x000000070a600000| Complete 
|  45|0x000000070a600000, 0x000000070a800000, 0x000000070a800000|100%|HS|  |TAMS 0x000000070a800000, 0x000000070a800000| Complete 
|  46|0x000000070a800000, 0x000000070aa00000, 0x000000070aa00000|100%|HS|  |TAMS 0x000000070aa00000, 0x000000070aa00000| Complete 
|  47|0x000000070aa00000, 0x000000070ac00000, 0x000000070ac00000|100%|HS|  |TAMS 0x000000070ac00000, 0x000000070ac00000| Complete 
|  48|0x000000070ac00000, 0x000000070ae00000, 0x000000070ae00000|100%|HS|  |TAMS 0x000000070ae00000, 0x000000070ae00000| Complete 
|  49|0x000000070ae00000, 0x000000070b000000, 0x000000070b000000|100%|HS|  |TAMS 0x000000070b000000, 0x000000070b000000| Complete 
|  50|0x000000070b000000, 0x000000070b200000, 0x000000070b200000|100%|HS|  |TAMS 0x000000070b200000, 0x000000070b200000| Complete 
|  51|0x000000070b200000, 0x000000070b400000, 0x000000070b400000|100%|HS|  |TAMS 0x000000070b400000, 0x000000070b400000| Complete 
|  52|0x000000070b400000, 0x000000070b600000, 0x000000070b600000|100%|HS|  |TAMS 0x000000070b600000, 0x000000070b600000| Complete 
|  53|0x000000070b600000, 0x000000070b800000, 0x000000070b800000|100%|HS|  |TAMS 0x000000070b800000, 0x000000070b800000| Complete 
|  54|0x000000070b800000, 0x000000070ba00000, 0x000000070ba00000|100%|HS|  |TAMS 0x000000070ba00000, 0x000000070ba00000| Complete 
|  55|0x000000070ba00000, 0x000000070bc00000, 0x000000070bc00000|100%|HS|  |TAMS 0x000000070bc00000, 0x000000070bc00000| Complete 
|  56|0x000000070bc00000, 0x000000070be00000, 0x000000070be00000|100%| O|  |TAMS 0x000000070be00000, 0x000000070be00000| Untracked 
|  57|0x000000070be00000, 0x000000070c000000, 0x000000070c000000|100%| O|  |TAMS 0x000000070c000000, 0x000000070c000000| Untracked 
|  58|0x000000070c000000, 0x000000070c200000, 0x000000070c200000|100%| O|  |TAMS 0x000000070c200000, 0x000000070c200000| Untracked 
|  59|0x000000070c200000, 0x000000070c400000, 0x000000070c400000|100%| O|  |TAMS 0x000000070c400000, 0x000000070c400000| Untracked 
|  60|0x000000070c400000, 0x000000070c600000, 0x000000070c600000|100%| O|  |TAMS 0x000000070c600000, 0x000000070c600000| Untracked 
|  61|0x000000070c600000, 0x000000070c800000, 0x000000070c800000|100%|HS|  |TAMS 0x000000070c800000, 0x000000070c800000| Complete 
|  62|0x000000070c800000, 0x000000070ca00000, 0x000000070ca00000|100%|HS|  |TAMS 0x000000070ca00000, 0x000000070ca00000| Complete 
|  63|0x000000070ca00000, 0x000000070cc00000, 0x000000070cc00000|100%|HS|  |TAMS 0x000000070cc00000, 0x000000070cc00000| Complete 
|  64|0x000000070cc00000, 0x000000070ccff600, 0x000000070ce00000| 49%| O|  |TAMS 0x000000070ccff600, 0x000000070ccff600| Untracked 
|  65|0x000000070ce00000, 0x000000070d000000, 0x000000070d000000|100%|HS|  |TAMS 0x000000070d000000, 0x000000070d000000| Complete 
|  66|0x000000070d000000, 0x000000070d200000, 0x000000070d200000|100%|HS|  |TAMS 0x000000070d200000, 0x000000070d200000| Complete 
|  67|0x000000070d200000, 0x000000070d400000, 0x000000070d400000|100%|HS|  |TAMS 0x000000070d400000, 0x000000070d400000| Complete 
|  68|0x000000070d400000, 0x000000070d600000, 0x000000070d600000|100%|HS|  |TAMS 0x000000070d600000, 0x000000070d600000| Complete 
|  69|0x000000070d600000, 0x000000070d800000, 0x000000070d800000|100%|HS|  |TAMS 0x000000070d800000, 0x000000070d800000| Complete 
|  70|0x000000070d800000, 0x000000070da00000, 0x000000070da00000|100%|HS|  |TAMS 0x000000070da00000, 0x000000070da00000| Complete 
|  71|0x000000070da00000, 0x000000070dc00000, 0x000000070dc00000|100%|HS|  |TAMS 0x000000070dc00000, 0x000000070dc00000| Complete 
|  72|0x000000070dc00000, 0x000000070de00000, 0x000000070de00000|100%|HS|  |TAMS 0x000000070de00000, 0x000000070de00000| Complete 
|  73|0x000000070de00000, 0x000000070e000000, 0x000000070e000000|100%|HS|  |TAMS 0x000000070e000000, 0x000000070e000000| Complete 
|  74|0x000000070e000000, 0x000000070e200000, 0x000000070e200000|100%|HS|  |TAMS 0x000000070e200000, 0x000000070e200000| Complete 
|  75|0x000000070e200000, 0x000000070e400000, 0x000000070e400000|100%|HS|  |TAMS 0x000000070e400000, 0x000000070e400000| Complete 
|  76|0x000000070e400000, 0x000000070e600000, 0x000000070e600000|100%|HS|  |TAMS 0x000000070e600000, 0x000000070e600000| Complete 
|  77|0x000000070e600000, 0x000000070e800000, 0x000000070e800000|100%|HS|  |TAMS 0x000000070e800000, 0x000000070e800000| Complete 
|  78|0x000000070e800000, 0x000000070ea00000, 0x000000070ea00000|100%|HS|  |TAMS 0x000000070ea00000, 0x000000070ea00000| Complete 
|  79|0x000000070ea00000, 0x000000070ec00000, 0x000000070ec00000|100%|HS|  |TAMS 0x000000070ec00000, 0x000000070ec00000| Complete 
|  80|0x000000070ec00000, 0x000000070ee00000, 0x000000070ee00000|100%|HS|  |TAMS 0x000000070ee00000, 0x000000070ee00000| Complete 
|  81|0x000000070ee00000, 0x000000070f000000, 0x000000070f000000|100%|HS|  |TAMS 0x000000070f000000, 0x000000070f000000| Complete 
|  82|0x000000070f000000, 0x000000070f200000, 0x000000070f200000|100%|HS|  |TAMS 0x000000070f200000, 0x000000070f200000| Complete 
|  83|0x000000070f200000, 0x000000070f400000, 0x000000070f400000|100%|HS|  |TAMS 0x000000070f400000, 0x000000070f400000| Complete 
|  84|0x000000070f400000, 0x000000070f600000, 0x000000070f600000|100%|HS|  |TAMS 0x000000070f600000, 0x000000070f600000| Complete 
|  85|0x000000070f600000, 0x000000070f800000, 0x000000070f800000|100%|HS|  |TAMS 0x000000070f800000, 0x000000070f800000| Complete 
|  86|0x000000070f800000, 0x000000070fa00000, 0x000000070fa00000|100%|HS|  |TAMS 0x000000070fa00000, 0x000000070fa00000| Complete 
|  87|0x000000070fa00000, 0x000000070fc00000, 0x000000070fc00000|100%|HS|  |TAMS 0x000000070fc00000, 0x000000070fc00000| Complete 
|  88|0x000000070fc00000, 0x000000070fe00000, 0x000000070fe00000|100%|HS|  |TAMS 0x000000070fe00000, 0x000000070fe00000| Complete 
|  89|0x000000070fe00000, 0x0000000710000000, 0x0000000710000000|100%|HS|  |TAMS 0x0000000710000000, 0x0000000710000000| Complete 
|  90|0x0000000710000000, 0x0000000710200000, 0x0000000710200000|100%|HS|  |TAMS 0x0000000710200000, 0x0000000710200000| Complete 
|  91|0x0000000710200000, 0x0000000710400000, 0x0000000710400000|100%|HS|  |TAMS 0x0000000710400000, 0x0000000710400000| Complete 
|  92|0x0000000710400000, 0x0000000710600000, 0x0000000710600000|100%|HS|  |TAMS 0x0000000710600000, 0x0000000710600000| Complete 
|  93|0x0000000710600000, 0x0000000710800000, 0x0000000710800000|100%|HS|  |TAMS 0x0000000710800000, 0x0000000710800000| Complete 
|  94|0x0000000710800000, 0x0000000710a00000, 0x0000000710a00000|100%|HS|  |TAMS 0x0000000710a00000, 0x0000000710a00000| Complete 
|  95|0x0000000710a00000, 0x0000000710c00000, 0x0000000710c00000|100%|HS|  |TAMS 0x0000000710c00000, 0x0000000710c00000| Complete 
|  96|0x0000000710c00000, 0x0000000710e00000, 0x0000000710e00000|100%|HS|  |TAMS 0x0000000710e00000, 0x0000000710e00000| Complete 
|  97|0x0000000710e00000, 0x0000000711000000, 0x0000000711000000|100%|HS|  |TAMS 0x0000000711000000, 0x0000000711000000| Complete 
|  98|0x0000000711000000, 0x0000000711200000, 0x0000000711200000|100%|HS|  |TAMS 0x0000000711200000, 0x0000000711200000| Complete 
|  99|0x0000000711200000, 0x0000000711400000, 0x0000000711400000|100%|HS|  |TAMS 0x0000000711400000, 0x0000000711400000| Complete 
| 100|0x0000000711400000, 0x0000000711600000, 0x0000000711600000|100%|HS|  |TAMS 0x0000000711600000, 0x0000000711600000| Complete 
| 101|0x0000000711600000, 0x0000000711800000, 0x0000000711800000|100%|HS|  |TAMS 0x0000000711800000, 0x0000000711800000| Complete 
| 102|0x0000000711800000, 0x0000000711a00000, 0x0000000711a00000|100%|HS|  |TAMS 0x0000000711a00000, 0x0000000711a00000| Complete 
| 103|0x0000000711a00000, 0x0000000711c00000, 0x0000000711c00000|100%|HS|  |TAMS 0x0000000711c00000, 0x0000000711c00000| Complete 
| 104|0x0000000711c00000, 0x0000000711e00000, 0x0000000711e00000|100%|HS|  |TAMS 0x0000000711e00000, 0x0000000711e00000| Complete 
| 105|0x0000000711e00000, 0x0000000712000000, 0x0000000712000000|100%|HS|  |TAMS 0x0000000712000000, 0x0000000712000000| Complete 
| 106|0x0000000712000000, 0x0000000712200000, 0x0000000712200000|100%|HS|  |TAMS 0x0000000712200000, 0x0000000712200000| Complete 
| 107|0x0000000712200000, 0x0000000712400000, 0x0000000712400000|100%|HS|  |TAMS 0x0000000712400000, 0x0000000712400000| Complete 
| 108|0x0000000712400000, 0x0000000712600000, 0x0000000712600000|100%|HS|  |TAMS 0x0000000712600000, 0x0000000712600000| Complete 
| 109|0x0000000712600000, 0x0000000712800000, 0x0000000712800000|100%|HS|  |TAMS 0x0000000712800000, 0x0000000712800000| Complete 
| 110|0x0000000712800000, 0x0000000712a00000, 0x0000000712a00000|100%|HS|  |TAMS 0x0000000712a00000, 0x0000000712a00000| Complete 
| 111|0x0000000712a00000, 0x0000000712c00000, 0x0000000712c00000|100%|HS|  |TAMS 0x0000000712c00000, 0x0000000712c00000| Complete 
| 112|0x0000000712c00000, 0x0000000712e00000, 0x0000000712e00000|100%|HS|  |TAMS 0x0000000712e00000, 0x0000000712e00000| Complete 
| 113|0x0000000712e00000, 0x0000000713000000, 0x0000000713000000|100%|HS|  |TAMS 0x0000000713000000, 0x0000000713000000| Complete 
| 114|0x0000000713000000, 0x0000000713200000, 0x0000000713200000|100%|HS|  |TAMS 0x0000000713200000, 0x0000000713200000| Complete 
| 115|0x0000000713200000, 0x0000000713400000, 0x0000000713400000|100%|HS|  |TAMS 0x0000000713400000, 0x0000000713400000| Complete 
| 116|0x0000000713400000, 0x0000000713600000, 0x0000000713600000|100%|HS|  |TAMS 0x0000000713600000, 0x0000000713600000| Complete 
| 117|0x0000000713600000, 0x0000000713800000, 0x0000000713800000|100%|HS|  |TAMS 0x0000000713800000, 0x0000000713800000| Complete 
| 118|0x0000000713800000, 0x0000000713a00000, 0x0000000713a00000|100%|HS|  |TAMS 0x0000000713a00000, 0x0000000713a00000| Complete 
| 119|0x0000000713a00000, 0x0000000713c00000, 0x0000000713c00000|100%|HS|  |TAMS 0x0000000713c00000, 0x0000000713c00000| Complete 
| 120|0x0000000713c00000, 0x0000000713e00000, 0x0000000713e00000|100%|HS|  |TAMS 0x0000000713e00000, 0x0000000713e00000| Complete 
| 121|0x0000000713e00000, 0x0000000714000000, 0x0000000714000000|100%|HS|  |TAMS 0x0000000714000000, 0x0000000714000000| Complete 
| 122|0x0000000714000000, 0x0000000714200000, 0x0000000714200000|100%|HS|  |TAMS 0x0000000714200000, 0x0000000714200000| Complete 
| 123|0x0000000714200000, 0x0000000714400000, 0x0000000714400000|100%|HS|  |TAMS 0x0000000714200000, 0x0000000714400000| Complete 
| 124|0x0000000714400000, 0x0000000714600000, 0x0000000714600000|100%|HS|  |TAMS 0x0000000714400000, 0x0000000714600000| Complete 
| 125|0x0000000714600000, 0x0000000714800000, 0x0000000714800000|100%|HS|  |TAMS 0x0000000714600000, 0x0000000714800000| Complete 
| 126|0x0000000714800000, 0x0000000714a00000, 0x0000000714a00000|100%|HS|  |TAMS 0x0000000714800000, 0x0000000714a00000| Complete 
| 127|0x0000000714a00000, 0x0000000714c00000, 0x0000000714c00000|100%|HS|  |TAMS 0x0000000714a00000, 0x0000000714c00000| Complete 
| 128|0x0000000714c00000, 0x0000000714e00000, 0x0000000714e00000|100%|HS|  |TAMS 0x0000000714c00000, 0x0000000714e00000| Complete 
| 129|0x0000000714e00000, 0x0000000715000000, 0x0000000715000000|100%|HS|  |TAMS 0x0000000714e00000, 0x0000000715000000| Complete 
| 130|0x0000000715000000, 0x0000000715200000, 0x0000000715200000|100%|HS|  |TAMS 0x0000000715000000, 0x0000000715200000| Complete 
| 131|0x0000000715200000, 0x0000000715200000, 0x0000000715400000|  0%| F|  |TAMS 0x0000000715200000, 0x0000000715200000| Untracked 
| 132|0x0000000715400000, 0x0000000715400000, 0x0000000715600000|  0%| F|  |TAMS 0x0000000715400000, 0x0000000715400000| Untracked 
| 133|0x0000000715600000, 0x0000000715600000, 0x0000000715800000|  0%| F|  |TAMS 0x0000000715600000, 0x0000000715600000| Untracked 
| 134|0x0000000715800000, 0x0000000715800000, 0x0000000715a00000|  0%| F|  |TAMS 0x0000000715800000, 0x0000000715800000| Untracked 
| 135|0x0000000715a00000, 0x0000000715a00000, 0x0000000715c00000|  0%| F|  |TAMS 0x0000000715a00000, 0x0000000715a00000| Untracked 
| 136|0x0000000715c00000, 0x0000000715c00000, 0x0000000715e00000|  0%| F|  |TAMS 0x0000000715c00000, 0x0000000715c00000| Untracked 
| 137|0x0000000715e00000, 0x0000000715e00000, 0x0000000716000000|  0%| F|  |TAMS 0x0000000715e00000, 0x0000000715e00000| Untracked 
| 138|0x0000000716000000, 0x0000000716000000, 0x0000000716200000|  0%| F|  |TAMS 0x0000000716000000, 0x0000000716000000| Untracked 
| 139|0x0000000716200000, 0x0000000716200000, 0x0000000716400000|  0%| F|  |TAMS 0x0000000716200000, 0x0000000716200000| Untracked 
| 140|0x0000000716400000, 0x0000000716400000, 0x0000000716600000|  0%| F|  |TAMS 0x0000000716400000, 0x0000000716400000| Untracked 
| 141|0x0000000716600000, 0x0000000716600000, 0x0000000716800000|  0%| F|  |TAMS 0x0000000716600000, 0x0000000716600000| Untracked 
| 142|0x0000000716800000, 0x0000000716800000, 0x0000000716a00000|  0%| F|  |TAMS 0x0000000716800000, 0x0000000716800000| Untracked 
| 143|0x0000000716a00000, 0x0000000716a00000, 0x0000000716c00000|  0%| F|  |TAMS 0x0000000716a00000, 0x0000000716a00000| Untracked 
| 144|0x0000000716c00000, 0x0000000716c00000, 0x0000000716e00000|  0%| F|  |TAMS 0x0000000716c00000, 0x0000000716c00000| Untracked 
| 145|0x0000000716e00000, 0x0000000716e00000, 0x0000000717000000|  0%| F|  |TAMS 0x0000000716e00000, 0x0000000716e00000| Untracked 
| 146|0x0000000717000000, 0x0000000717000000, 0x0000000717200000|  0%| F|  |TAMS 0x0000000717000000, 0x0000000717000000| Untracked 
| 147|0x0000000717200000, 0x0000000717200000, 0x0000000717400000|  0%| F|  |TAMS 0x0000000717200000, 0x0000000717200000| Untracked 
| 148|0x0000000717400000, 0x0000000717400000, 0x0000000717600000|  0%| F|  |TAMS 0x0000000717400000, 0x0000000717400000| Untracked 
| 149|0x0000000717600000, 0x0000000717600000, 0x0000000717800000|  0%| F|  |TAMS 0x0000000717600000, 0x0000000717600000| Untracked 
| 150|0x0000000717800000, 0x0000000717800000, 0x0000000717a00000|  0%| F|  |TAMS 0x0000000717800000, 0x0000000717800000| Untracked 
| 151|0x0000000717a00000, 0x0000000717a00000, 0x0000000717c00000|  0%| F|  |TAMS 0x0000000717a00000, 0x0000000717a00000| Untracked 
| 152|0x0000000717c00000, 0x0000000717c00000, 0x0000000717e00000|  0%| F|  |TAMS 0x0000000717c00000, 0x0000000717c00000| Untracked 
| 153|0x0000000717e00000, 0x0000000717e00000, 0x0000000718000000|  0%| F|  |TAMS 0x0000000717e00000, 0x0000000717e00000| Untracked 
| 154|0x0000000718000000, 0x0000000718000000, 0x0000000718200000|  0%| F|  |TAMS 0x0000000718000000, 0x0000000718000000| Untracked 
| 155|0x0000000718200000, 0x0000000718200000, 0x0000000718400000|  0%| F|  |TAMS 0x0000000718200000, 0x0000000718200000| Untracked 
| 156|0x0000000718400000, 0x0000000718400000, 0x0000000718600000|  0%| F|  |TAMS 0x0000000718400000, 0x0000000718400000| Untracked 
| 157|0x0000000718600000, 0x0000000718600000, 0x0000000718800000|  0%| F|  |TAMS 0x0000000718600000, 0x0000000718600000| Untracked 
| 158|0x0000000718800000, 0x0000000718800000, 0x0000000718a00000|  0%| F|  |TAMS 0x0000000718800000, 0x0000000718800000| Untracked 
| 159|0x0000000718a00000, 0x0000000718a00000, 0x0000000718c00000|  0%| F|  |TAMS 0x0000000718a00000, 0x0000000718a00000| Untracked 
| 160|0x0000000718c00000, 0x0000000718c00000, 0x0000000718e00000|  0%| F|  |TAMS 0x0000000718c00000, 0x0000000718c00000| Untracked 
| 161|0x0000000718e00000, 0x0000000718e00000, 0x0000000719000000|  0%| F|  |TAMS 0x0000000718e00000, 0x0000000718e00000| Untracked 
| 162|0x0000000719000000, 0x0000000719000000, 0x0000000719200000|  0%| F|  |TAMS 0x0000000719000000, 0x0000000719000000| Untracked 
| 163|0x0000000719200000, 0x0000000719200000, 0x0000000719400000|  0%| F|  |TAMS 0x0000000719200000, 0x0000000719200000| Untracked 
| 164|0x0000000719400000, 0x0000000719400000, 0x0000000719600000|  0%| F|  |TAMS 0x0000000719400000, 0x0000000719400000| Untracked 
| 165|0x0000000719600000, 0x0000000719600000, 0x0000000719800000|  0%| F|  |TAMS 0x0000000719600000, 0x0000000719600000| Untracked 
| 166|0x0000000719800000, 0x0000000719800000, 0x0000000719a00000|  0%| F|  |TAMS 0x0000000719800000, 0x0000000719800000| Untracked 
| 167|0x0000000719a00000, 0x0000000719a00000, 0x0000000719c00000|  0%| F|  |TAMS 0x0000000719a00000, 0x0000000719a00000| Untracked 
| 168|0x0000000719c00000, 0x0000000719c00000, 0x0000000719e00000|  0%| F|  |TAMS 0x0000000719c00000, 0x0000000719c00000| Untracked 
| 169|0x0000000719e00000, 0x0000000719e00000, 0x000000071a000000|  0%| F|  |TAMS 0x0000000719e00000, 0x0000000719e00000| Untracked 
| 170|0x000000071a000000, 0x000000071a000000, 0x000000071a200000|  0%| F|  |TAMS 0x000000071a000000, 0x000000071a000000| Untracked 
| 171|0x000000071a200000, 0x000000071a200000, 0x000000071a400000|  0%| F|  |TAMS 0x000000071a200000, 0x000000071a200000| Untracked 
| 172|0x000000071a400000, 0x000000071a400000, 0x000000071a600000|  0%| F|  |TAMS 0x000000071a400000, 0x000000071a400000| Untracked 
| 173|0x000000071a600000, 0x000000071a600000, 0x000000071a800000|  0%| F|  |TAMS 0x000000071a600000, 0x000000071a600000| Untracked 
| 174|0x000000071a800000, 0x000000071a800000, 0x000000071aa00000|  0%| F|  |TAMS 0x000000071a800000, 0x000000071a800000| Untracked 
| 175|0x000000071aa00000, 0x000000071aa00000, 0x000000071ac00000|  0%| F|  |TAMS 0x000000071aa00000, 0x000000071aa00000| Untracked 
| 176|0x000000071ac00000, 0x000000071ac00000, 0x000000071ae00000|  0%| F|  |TAMS 0x000000071ac00000, 0x000000071ac00000| Untracked 
| 177|0x000000071ae00000, 0x000000071ae00000, 0x000000071b000000|  0%| F|  |TAMS 0x000000071ae00000, 0x000000071ae00000| Untracked 
| 178|0x000000071b000000, 0x000000071b000000, 0x000000071b200000|  0%| F|  |TAMS 0x000000071b000000, 0x000000071b000000| Untracked 
| 179|0x000000071b200000, 0x000000071b200000, 0x000000071b400000|  0%| F|  |TAMS 0x000000071b200000, 0x000000071b200000| Untracked 
| 180|0x000000071b400000, 0x000000071b400000, 0x000000071b600000|  0%| F|  |TAMS 0x000000071b400000, 0x000000071b400000| Untracked 
| 181|0x000000071b600000, 0x000000071b600000, 0x000000071b800000|  0%| F|  |TAMS 0x000000071b600000, 0x000000071b600000| Untracked 
| 182|0x000000071b800000, 0x000000071b800000, 0x000000071ba00000|  0%| F|  |TAMS 0x000000071b800000, 0x000000071b800000| Untracked 
| 183|0x000000071ba00000, 0x000000071ba00000, 0x000000071bc00000|  0%| F|  |TAMS 0x000000071ba00000, 0x000000071ba00000| Untracked 
| 184|0x000000071bc00000, 0x000000071bc00000, 0x000000071be00000|  0%| F|  |TAMS 0x000000071bc00000, 0x000000071bc00000| Untracked 
| 185|0x000000071be00000, 0x000000071be00000, 0x000000071c000000|  0%| F|  |TAMS 0x000000071be00000, 0x000000071be00000| Untracked 
| 186|0x000000071c000000, 0x000000071c000000, 0x000000071c200000|  0%| F|  |TAMS 0x000000071c000000, 0x000000071c000000| Untracked 
| 187|0x000000071c200000, 0x000000071c200000, 0x000000071c400000|  0%| F|  |TAMS 0x000000071c200000, 0x000000071c200000| Untracked 
| 188|0x000000071c400000, 0x000000071c400000, 0x000000071c600000|  0%| F|  |TAMS 0x000000071c400000, 0x000000071c400000| Untracked 
| 189|0x000000071c600000, 0x000000071c600000, 0x000000071c800000|  0%| F|  |TAMS 0x000000071c600000, 0x000000071c600000| Untracked 
| 190|0x000000071c800000, 0x000000071c800000, 0x000000071ca00000|  0%| F|  |TAMS 0x000000071c800000, 0x000000071c800000| Untracked 
| 191|0x000000071ca00000, 0x000000071ca00000, 0x000000071cc00000|  0%| F|  |TAMS 0x000000071ca00000, 0x000000071ca00000| Untracked 
| 192|0x000000071cc00000, 0x000000071cc00000, 0x000000071ce00000|  0%| F|  |TAMS 0x000000071cc00000, 0x000000071cc00000| Untracked 
| 193|0x000000071ce00000, 0x000000071ce00000, 0x000000071d000000|  0%| F|  |TAMS 0x000000071ce00000, 0x000000071ce00000| Untracked 
| 194|0x000000071d000000, 0x000000071d000000, 0x000000071d200000|  0%| F|  |TAMS 0x000000071d000000, 0x000000071d000000| Untracked 
| 195|0x000000071d200000, 0x000000071d200000, 0x000000071d400000|  0%| F|  |TAMS 0x000000071d200000, 0x000000071d200000| Untracked 
| 196|0x000000071d400000, 0x000000071d400000, 0x000000071d600000|  0%| F|  |TAMS 0x000000071d400000, 0x000000071d400000| Untracked 
| 197|0x000000071d600000, 0x000000071d600000, 0x000000071d800000|  0%| F|  |TAMS 0x000000071d600000, 0x000000071d600000| Untracked 
| 198|0x000000071d800000, 0x000000071d800000, 0x000000071da00000|  0%| F|  |TAMS 0x000000071d800000, 0x000000071d800000| Untracked 
| 199|0x000000071da00000, 0x000000071da00000, 0x000000071dc00000|  0%| F|  |TAMS 0x000000071da00000, 0x000000071da00000| Untracked 
| 200|0x000000071dc00000, 0x000000071dc00000, 0x000000071de00000|  0%| F|  |TAMS 0x000000071dc00000, 0x000000071dc00000| Untracked 
| 201|0x000000071de00000, 0x000000071de00000, 0x000000071e000000|  0%| F|  |TAMS 0x000000071de00000, 0x000000071de00000| Untracked 
| 202|0x000000071e000000, 0x000000071e000000, 0x000000071e200000|  0%| F|  |TAMS 0x000000071e000000, 0x000000071e000000| Untracked 
| 203|0x000000071e200000, 0x000000071e200000, 0x000000071e400000|  0%| F|  |TAMS 0x000000071e200000, 0x000000071e200000| Untracked 
| 204|0x000000071e400000, 0x000000071e400000, 0x000000071e600000|  0%| F|  |TAMS 0x000000071e400000, 0x000000071e400000| Untracked 
| 205|0x000000071e600000, 0x000000071e600000, 0x000000071e800000|  0%| F|  |TAMS 0x000000071e600000, 0x000000071e600000| Untracked 
| 206|0x000000071e800000, 0x000000071e800000, 0x000000071ea00000|  0%| F|  |TAMS 0x000000071e800000, 0x000000071e800000| Untracked 
| 207|0x000000071ea00000, 0x000000071ea00000, 0x000000071ec00000|  0%| F|  |TAMS 0x000000071ea00000, 0x000000071ea00000| Untracked 
| 208|0x000000071ec00000, 0x000000071ec00000, 0x000000071ee00000|  0%| F|  |TAMS 0x000000071ec00000, 0x000000071ec00000| Untracked 
| 209|0x000000071ee00000, 0x000000071ee00000, 0x000000071f000000|  0%| F|  |TAMS 0x000000071ee00000, 0x000000071ee00000| Untracked 
| 210|0x000000071f000000, 0x000000071f000000, 0x000000071f200000|  0%| F|  |TAMS 0x000000071f000000, 0x000000071f000000| Untracked 
| 211|0x000000071f200000, 0x000000071f200000, 0x000000071f400000|  0%| F|  |TAMS 0x000000071f200000, 0x000000071f200000| Untracked 
| 212|0x000000071f400000, 0x000000071f400000, 0x000000071f600000|  0%| F|  |TAMS 0x000000071f400000, 0x000000071f400000| Untracked 
| 213|0x000000071f600000, 0x000000071f600000, 0x000000071f800000|  0%| F|  |TAMS 0x000000071f600000, 0x000000071f600000| Untracked 
| 214|0x000000071f800000, 0x000000071f800000, 0x000000071fa00000|  0%| F|  |TAMS 0x000000071f800000, 0x000000071f800000| Untracked 
| 215|0x000000071fa00000, 0x000000071fa00000, 0x000000071fc00000|  0%| F|  |TAMS 0x000000071fa00000, 0x000000071fa00000| Untracked 
| 216|0x000000071fc00000, 0x000000071fc00000, 0x000000071fe00000|  0%| F|  |TAMS 0x000000071fc00000, 0x000000071fc00000| Untracked 
| 217|0x000000071fe00000, 0x000000071fe00000, 0x0000000720000000|  0%| F|  |TAMS 0x000000071fe00000, 0x000000071fe00000| Untracked 
| 218|0x0000000720000000, 0x0000000720000000, 0x0000000720200000|  0%| F|  |TAMS 0x0000000720000000, 0x0000000720000000| Untracked 
| 219|0x0000000720200000, 0x0000000720200000, 0x0000000720400000|  0%| F|  |TAMS 0x0000000720200000, 0x0000000720200000| Untracked 
| 220|0x0000000720400000, 0x0000000720400000, 0x0000000720600000|  0%| F|  |TAMS 0x0000000720400000, 0x0000000720400000| Untracked 
| 221|0x0000000720600000, 0x0000000720600000, 0x0000000720800000|  0%| F|  |TAMS 0x0000000720600000, 0x0000000720600000| Untracked 
| 222|0x0000000720800000, 0x0000000720800000, 0x0000000720a00000|  0%| F|  |TAMS 0x0000000720800000, 0x0000000720800000| Untracked 
| 223|0x0000000720a00000, 0x0000000720a00000, 0x0000000720c00000|  0%| F|  |TAMS 0x0000000720a00000, 0x0000000720a00000| Untracked 
| 224|0x0000000720c00000, 0x0000000720c00000, 0x0000000720e00000|  0%| F|  |TAMS 0x0000000720c00000, 0x0000000720c00000| Untracked 
| 225|0x0000000720e00000, 0x0000000720e00000, 0x0000000721000000|  0%| F|  |TAMS 0x0000000720e00000, 0x0000000720e00000| Untracked 
| 226|0x0000000721000000, 0x0000000721000000, 0x0000000721200000|  0%| F|  |TAMS 0x0000000721000000, 0x0000000721000000| Untracked 
| 227|0x0000000721200000, 0x0000000721200000, 0x0000000721400000|  0%| F|  |TAMS 0x0000000721200000, 0x0000000721200000| Untracked 
| 228|0x0000000721400000, 0x0000000721400000, 0x0000000721600000|  0%| F|  |TAMS 0x0000000721400000, 0x0000000721400000| Untracked 
| 229|0x0000000721600000, 0x0000000721600000, 0x0000000721800000|  0%| F|  |TAMS 0x0000000721600000, 0x0000000721600000| Untracked 
| 230|0x0000000721800000, 0x0000000721800000, 0x0000000721a00000|  0%| F|  |TAMS 0x0000000721800000, 0x0000000721800000| Untracked 
| 231|0x0000000721a00000, 0x0000000721a00000, 0x0000000721c00000|  0%| F|  |TAMS 0x0000000721a00000, 0x0000000721a00000| Untracked 
| 232|0x0000000721c00000, 0x0000000721c00000, 0x0000000721e00000|  0%| F|  |TAMS 0x0000000721c00000, 0x0000000721c00000| Untracked 
| 233|0x0000000721e00000, 0x0000000721e00000, 0x0000000722000000|  0%| F|  |TAMS 0x0000000721e00000, 0x0000000721e00000| Untracked 
| 234|0x0000000722000000, 0x0000000722000000, 0x0000000722200000|  0%| F|  |TAMS 0x0000000722000000, 0x0000000722000000| Untracked 
| 235|0x0000000722200000, 0x0000000722200000, 0x0000000722400000|  0%| F|  |TAMS 0x0000000722200000, 0x0000000722200000| Untracked 
| 236|0x0000000722400000, 0x0000000722400000, 0x0000000722600000|  0%| F|  |TAMS 0x0000000722400000, 0x0000000722400000| Untracked 
| 237|0x0000000722600000, 0x0000000722600000, 0x0000000722800000|  0%| F|  |TAMS 0x0000000722600000, 0x0000000722600000| Untracked 
| 238|0x0000000722800000, 0x0000000722800000, 0x0000000722a00000|  0%| F|  |TAMS 0x0000000722800000, 0x0000000722800000| Untracked 
| 239|0x0000000722a00000, 0x0000000722a00000, 0x0000000722c00000|  0%| F|  |TAMS 0x0000000722a00000, 0x0000000722a00000| Untracked 
| 240|0x0000000722c00000, 0x0000000722d52048, 0x0000000722e00000| 66%| S|CS|TAMS 0x0000000722c00000, 0x0000000722c00000| Complete 
| 241|0x0000000722e00000, 0x0000000723000000, 0x0000000723000000|100%| S|CS|TAMS 0x0000000722e00000, 0x0000000722e00000| Complete 
| 242|0x0000000723000000, 0x0000000723000000, 0x0000000723200000|  0%| F|  |TAMS 0x0000000723000000, 0x0000000723000000| Untracked 
| 243|0x0000000723200000, 0x0000000723200000, 0x0000000723400000|  0%| F|  |TAMS 0x0000000723200000, 0x0000000723200000| Untracked 
| 244|0x0000000723400000, 0x0000000723400000, 0x0000000723600000|  0%| F|  |TAMS 0x0000000723400000, 0x0000000723400000| Untracked 

Card table byte_map: [0x000001abb9f30000,0x000001abba710000] _byte_map_base: 0x000001abb670a000

Marking Bits (Prev, Next): (CMBitMap*) 0x000001aba663bdc0, (CMBitMap*) 0x000001aba663be00
 Prev Bits: [0x000001abbaef0000, 0x000001abbedc0000)
 Next Bits: [0x000001abbedc0000, 0x000001abc2c90000)

Polling page: 0x000001aba45d0000

Metaspace:

Usage:
  Non-class:     13.88 MB used.
      Class:      1.79 MB used.
       Both:     15.67 MB used.

Virtual space:
  Non-class space:       16.00 MB reserved,      14.00 MB ( 88%) committed,  2 nodes.
      Class space:        1.00 GB reserved,       1.88 MB ( <1%) committed,  1 nodes.
             Both:        1.02 GB reserved,      15.88 MB (  2%) committed. 

Chunk freelists:
   Non-Class:  1.91 MB
       Class:  2.06 MB
        Both:  3.97 MB

MaxMetaspaceSize: unlimited
CompressedClassSpaceSize: 1.00 GB
Initial GC threshold: 21.00 MB
Current GC threshold: 26.50 MB
CDS: off
MetaspaceReclaimPolicy: balanced
 - commit_granule_bytes: 65536.
 - commit_granule_words: 8192.
 - virtual_space_node_default_size: 1048576.
 - enlarge_chunks_in_place: 1.
 - new_chunks_are_fully_committed: 0.
 - uncommit_free_chunks: 1.
 - use_allocation_guard: 0.
 - handle_deallocations: 1.


Internal statistics:

num_allocs_failed_limit: 0.
num_arena_births: 132.
num_arena_deaths: 0.
num_vsnodes_births: 3.
num_vsnodes_deaths: 0.
num_space_committed: 254.
num_space_uncommitted: 0.
num_chunks_returned_to_freelist: 0.
num_chunks_taken_from_freelist: 405.
num_chunk_merges: 0.
num_chunk_splits: 273.
num_chunks_enlarged: 217.
num_purges: 0.
num_inconsistent_stats: 0.

CodeHeap 'non-profiled nmethods': size=119168Kb used=630Kb max_used=630Kb free=118538Kb
 bounds [0x000001abb1840000, 0x000001abb1ab0000, 0x000001abb8ca0000]
CodeHeap 'profiled nmethods': size=119104Kb used=2312Kb max_used=2312Kb free=116791Kb
 bounds [0x000001abaa3f0000, 0x000001abaa660000, 0x000001abb1840000]
CodeHeap 'non-nmethods': size=7488Kb used=2970Kb max_used=3031Kb free=4517Kb
 bounds [0x000001aba9ca0000, 0x000001aba9fa0000, 0x000001abaa3f0000]
 total_blobs=1974 nmethods=1367 adapters=517
 compilation: enabled
              stopped_count=0, restarted_count=0
 full_count=0

Compilation events (20 events):
Event: 0.709 Thread 0x000001abc6a809c0 1357       3       com.sun.javafx.iio.gif.GIFImageLoader2::readBytes (44 bytes)
Event: 0.709 Thread 0x000001abc6a809c0 nmethod 1357 0x000001abaa62ee90 code [0x000001abaa62f060, 0x000001abaa62f418]
Event: 0.713 Thread 0x000001abc6a809c0 1358       3       com.sun.javafx.iio.gif.GIFImageLoader2$LZWDecoder::readData (52 bytes)
Event: 0.713 Thread 0x000001abc6a809c0 nmethod 1358 0x000001abaa62f590 code [0x000001abaa62f780, 0x000001abaa62fc38]
Event: 0.714 Thread 0x000001abc68a8ab0 1359 %     4       com.sun.javafx.iio.gif.GIFImageLoader2::decodeImage @ 26 (161 bytes)
Event: 0.715 Thread 0x000001abc6a809c0 1360       3       java.util.HashSet::isEmpty (8 bytes)
Event: 0.715 Thread 0x000001abc6a809c0 nmethod 1360 0x000001abaa62fe10 code [0x000001abaa62ffa0, 0x000001abaa6301f8]
Event: 0.724 Thread 0x000001abc68a8ab0 nmethod 1359% 0x000001abb18d5610 code [0x000001abb18d5800, 0x000001abb18d6790]
Event: 0.726 Thread 0x000001abc6a97e10 1361 %     4       com.sun.javafx.iio.gif.GIFImageLoader2::decodeImage @ 48 (161 bytes)
Event: 0.733 Thread 0x000001abc6a809c0 1362       3       com.sun.javafx.iio.gif.GIFImageLoader2::readShort (17 bytes)
Event: 0.733 Thread 0x000001abc6a809c0 nmethod 1362 0x000001abaa630310 code [0x000001abaa630500, 0x000001abaa630a58]
Event: 0.735 Thread 0x000001abc6a97e10 nmethod 1361% 0x000001abb18d7190 code [0x000001abb18d7380, 0x000001abb18d8390]
Event: 0.736 Thread 0x000001abc6d6ea20 1363       4       com.sun.javafx.iio.gif.GIFImageLoader2::decodeImage (161 bytes)
Event: 0.741 Thread 0x000001abc69fa1b0 1365   !   3       java.lang.ref.ReferenceQueue::enqueue (119 bytes)
Event: 0.741 Thread 0x000001abc6a809c0 1366       3       java.lang.ref.ReferenceQueue::reallyPoll (65 bytes)
Event: 0.742 Thread 0x000001abc6a809c0 nmethod 1366 0x000001abaa630c10 code [0x000001abaa630de0, 0x000001abaa631338]
Event: 0.742 Thread 0x000001abc69fa1b0 nmethod 1365 0x000001abaa631410 code [0x000001abaa631600, 0x000001abaa631d08]
Event: 0.755 Thread 0x000001abc69fa1b0 1367       3       java.lang.Boolean::valueOf (14 bytes)
Event: 0.755 Thread 0x000001abc69fa1b0 nmethod 1367 0x000001abaa631f10 code [0x000001abaa6320a0, 0x000001abaa632218]
Event: 0.796 Thread 0x000001abc6d6ea20 nmethod 1363 0x000001abb18d9090 code [0x000001abb18d9360, 0x000001abb18dc3e0]

GC Heap History (20 events):
Event: 0.754 GC heap after
{Heap after GC invocations=6 (full 0):
 garbage-first heap   total 258048K, used 143484K [0x0000000704c00000, 0x0000000800000000)
  region size 2048K, 2 young (4096K), 2 survivors (4096K)
 Metaspace       used 16044K, committed 16256K, reserved 1064960K
  class space    used 1831K, committed 1920K, reserved 1048576K
}
Event: 0.758 GC heap before
{Heap before GC invocations=7 (full 0):
 garbage-first heap   total 258048K, used 151676K [0x0000000704c00000, 0x0000000800000000)
  region size 2048K, 3 young (6144K), 2 survivors (4096K)
 Metaspace       used 16044K, committed 16256K, reserved 1064960K
  class space    used 1831K, committed 1920K, reserved 1048576K
}
Event: 0.759 GC heap after
{Heap after GC invocations=8 (full 0):
 garbage-first heap   total 258048K, used 152346K [0x0000000704c00000, 0x0000000800000000)
  region size 2048K, 2 young (4096K), 2 survivors (4096K)
 Metaspace       used 16044K, committed 16256K, reserved 1064960K
  class space    used 1831K, committed 1920K, reserved 1048576K
}
Event: 0.763 GC heap before
{Heap before GC invocations=9 (full 0):
 garbage-first heap   total 266240K, used 160538K [0x0000000704c00000, 0x0000000800000000)
  region size 2048K, 3 young (6144K), 2 survivors (4096K)
 Metaspace       used 16044K, committed 16256K, reserved 1064960K
  class space    used 1831K, committed 1920K, reserved 1048576K
}
Event: 0.764 GC heap after
{Heap after GC invocations=10 (full 0):
 garbage-first heap   total 346112K, used 159957K [0x0000000704c00000, 0x0000000800000000)
  region size 2048K, 2 young (4096K), 2 survivors (4096K)
 Metaspace       used 16044K, committed 16256K, reserved 1064960K
  class space    used 1831K, committed 1920K, reserved 1048576K
}
Event: 0.769 GC heap before
{Heap before GC invocations=11 (full 0):
 garbage-first heap   total 346112K, used 168149K [0x0000000704c00000, 0x0000000800000000)
  region size 2048K, 3 young (6144K), 2 survivors (4096K)
 Metaspace       used 16044K, committed 16256K, reserved 1064960K
  class space    used 1831K, committed 1920K, reserved 1048576K
}
Event: 0.770 GC heap after
{Heap after GC invocations=12 (full 0):
 garbage-first heap   total 346112K, used 168804K [0x0000000704c00000, 0x0000000800000000)
  region size 2048K, 2 young (4096K), 2 survivors (4096K)
 Metaspace       used 16044K, committed 16256K, reserved 1064960K
  class space    used 1831K, committed 1920K, reserved 1048576K
}
Event: 0.775 GC heap before
{Heap before GC invocations=13 (full 0):
 garbage-first heap   total 346112K, used 176996K [0x0000000704c00000, 0x0000000800000000)
  region size 2048K, 3 young (6144K), 2 survivors (4096K)
 Metaspace       used 16044K, committed 16256K, reserved 1064960K
  class space    used 1831K, committed 1920K, reserved 1048576K
}
Event: 0.777 GC heap after
{Heap after GC invocations=14 (full 0):
 garbage-first heap   total 346112K, used 176310K [0x0000000704c00000, 0x0000000800000000)
  region size 2048K, 2 young (4096K), 2 survivors (4096K)
 Metaspace       used 16044K, committed 16256K, reserved 1064960K
  class space    used 1831K, committed 1920K, reserved 1048576K
}
Event: 0.781 GC heap before
{Heap before GC invocations=15 (full 0):
 garbage-first heap   total 346112K, used 184502K [0x0000000704c00000, 0x0000000800000000)
  region size 2048K, 3 young (6144K), 2 survivors (4096K)
 Metaspace       used 16044K, committed 16256K, reserved 1064960K
  class space    used 1831K, committed 1920K, reserved 1048576K
}
Event: 0.782 GC heap after
{Heap after GC invocations=16 (full 0):
 garbage-first heap   total 346112K, used 184433K [0x0000000704c00000, 0x0000000800000000)
  region size 2048K, 2 young (4096K), 2 survivors (4096K)
 Metaspace       used 16044K, committed 16256K, reserved 1064960K
  class space    used 1831K, committed 1920K, reserved 1048576K
}
Event: 0.787 GC heap before
{Heap before GC invocations=17 (full 0):
 garbage-first heap   total 346112K, used 194673K [0x0000000704c00000, 0x0000000800000000)
  region size 2048K, 3 young (6144K), 2 survivors (4096K)
 Metaspace       used 16044K, committed 16256K, reserved 1064960K
  class space    used 1831K, committed 1920K, reserved 1048576K
}
Event: 0.789 GC heap after
{Heap after GC invocations=18 (full 0):
 garbage-first heap   total 501760K, used 194866K [0x0000000704c00000, 0x0000000800000000)
  region size 2048K, 2 young (4096K), 2 survivors (4096K)
 Metaspace       used 16044K, committed 16256K, reserved 1064960K
  class space    used 1831K, committed 1920K, reserved 1048576K
}
Event: 0.799 GC heap before
{Heap before GC invocations=18 (full 0):
 garbage-first heap   total 501760K, used 227634K [0x0000000704c00000, 0x0000000800000000)
  region size 2048K, 3 young (6144K), 2 survivors (4096K)
 Metaspace       used 16044K, committed 16256K, reserved 1064960K
  class space    used 1831K, committed 1920K, reserved 1048576K
}
Event: 0.801 GC heap after
{Heap after GC invocations=19 (full 0):
 garbage-first heap   total 501760K, used 227498K [0x0000000704c00000, 0x0000000800000000)
  region size 2048K, 2 young (4096K), 2 survivors (4096K)
 Metaspace       used 16044K, committed 16256K, reserved 1064960K
  class space    used 1831K, committed 1920K, reserved 1048576K
}
Event: 0.801 GC heap before
{Heap before GC invocations=19 (full 0):
 garbage-first heap   total 501760K, used 229546K [0x0000000704c00000, 0x0000000800000000)
  region size 2048K, 3 young (6144K), 2 survivors (4096K)
 Metaspace       used 16044K, committed 16256K, reserved 1064960K
  class space    used 1831K, committed 1920K, reserved 1048576K
}
Event: 0.803 GC heap after
{Heap after GC invocations=20 (full 0):
 garbage-first heap   total 501760K, used 229807K [0x0000000704c00000, 0x0000000800000000)
  region size 2048K, 2 young (4096K), 2 survivors (4096K)
 Metaspace       used 16044K, committed 16256K, reserved 1064960K
  class space    used 1831K, committed 1920K, reserved 1048576K
}
Event: 0.807 GC heap before
{Heap before GC invocations=21 (full 0):
 garbage-first heap   total 501760K, used 254383K [0x0000000704c00000, 0x0000000800000000)
  region size 2048K, 3 young (6144K), 2 survivors (4096K)
 Metaspace       used 16044K, committed 16256K, reserved 1064960K
  class space    used 1831K, committed 1920K, reserved 1048576K
}
Event: 0.808 GC heap after
{Heap after GC invocations=22 (full 0):
 garbage-first heap   total 501760K, used 254137K [0x0000000704c00000, 0x0000000800000000)
  region size 2048K, 2 young (4096K), 2 survivors (4096K)
 Metaspace       used 16044K, committed 16256K, reserved 1064960K
  class space    used 1831K, committed 1920K, reserved 1048576K
}
Event: 0.812 GC heap before
{Heap before GC invocations=23 (full 0):
 garbage-first heap   total 501760K, used 270521K [0x0000000704c00000, 0x0000000800000000)
  region size 2048K, 3 young (6144K), 2 survivors (4096K)
 Metaspace       used 16044K, committed 16256K, reserved 1064960K
  class space    used 1831K, committed 1920K, reserved 1048576K
}

Deoptimization events (20 events):
Event: 0.750 Thread 0x000001abc76637c0 DEOPT PACKING pc=0x000001abaa62e395 sp=0x000000388a1fdca0
Event: 0.750 Thread 0x000001abc76637c0 DEOPT UNPACKING pc=0x000001aba9cf2b43 sp=0x000000388a1fd1c0 mode 0
Event: 0.755 Thread 0x000001abc76637c0 DEOPT PACKING pc=0x000001abaa62e395 sp=0x000000388a1fdca0
Event: 0.755 Thread 0x000001abc76637c0 DEOPT UNPACKING pc=0x000001aba9cf2b43 sp=0x000000388a1fd1c0 mode 0
Event: 0.760 Thread 0x000001abc76637c0 DEOPT PACKING pc=0x000001abaa62e395 sp=0x000000388a1fdca0
Event: 0.760 Thread 0x000001abc76637c0 DEOPT UNPACKING pc=0x000001aba9cf2b43 sp=0x000000388a1fd1c0 mode 0
Event: 0.766 Thread 0x000001abc76637c0 DEOPT PACKING pc=0x000001abaa62e395 sp=0x000000388a1fdca0
Event: 0.766 Thread 0x000001abc76637c0 DEOPT UNPACKING pc=0x000001aba9cf2b43 sp=0x000000388a1fd1c0 mode 0
Event: 0.772 Thread 0x000001abc76637c0 DEOPT PACKING pc=0x000001abaa62e395 sp=0x000000388a1fdca0
Event: 0.772 Thread 0x000001abc76637c0 DEOPT UNPACKING pc=0x000001aba9cf2b43 sp=0x000000388a1fd1c0 mode 0
Event: 0.775 Thread 0x000001abc76637c0 DEOPT PACKING pc=0x000001abaa62e395 sp=0x000000388a1fdca0
Event: 0.775 Thread 0x000001abc76637c0 DEOPT UNPACKING pc=0x000001aba9cf2b43 sp=0x000000388a1fd1c0 mode 0
Event: 0.779 Thread 0x000001abc76637c0 DEOPT PACKING pc=0x000001abaa62e395 sp=0x000000388a1fdca0
Event: 0.779 Thread 0x000001abc76637c0 DEOPT UNPACKING pc=0x000001aba9cf2b43 sp=0x000000388a1fd1c0 mode 0
Event: 0.785 Thread 0x000001abc76637c0 DEOPT PACKING pc=0x000001abaa62e395 sp=0x000000388a1fdca0
Event: 0.785 Thread 0x000001abc76637c0 DEOPT UNPACKING pc=0x000001aba9cf2b43 sp=0x000000388a1fd1c0 mode 0
Event: 0.792 Thread 0x000001abc76637c0 DEOPT PACKING pc=0x000001abaa62e395 sp=0x000000388a1fdca0
Event: 0.792 Thread 0x000001abc76637c0 DEOPT UNPACKING pc=0x000001aba9cf2b43 sp=0x000000388a1fd1c0 mode 0
Event: 0.795 Thread 0x000001abc76637c0 DEOPT PACKING pc=0x000001abaa62e395 sp=0x000000388a1fdca0
Event: 0.795 Thread 0x000001abc76637c0 DEOPT UNPACKING pc=0x000001aba9cf2b43 sp=0x000000388a1fd1c0 mode 0

Classes unloaded (0 events):
No events

Classes redefined (0 events):
No events

Internal exceptions (20 events):
Event: 0.376 Thread 0x000001abc76637c0 Exception <a 'java/lang/NullPointerException'{0x00000007132e05a0}> (0x00000007132e05a0) 
thrown [s\src\hotspot\share\interpreter\linkResolver.cpp, line 1350]
Event: 0.396 Thread 0x000001abc76637c0 Exception <a 'java/io/FileNotFoundException'{0x0000000714658998}> (0x0000000714658998) 
thrown [s\src\hotspot\share\prims\jni.cpp, line 516]
Event: 0.413 Thread 0x000001abc76637c0 Exception <a 'java/io/FileNotFoundException'{0x00000007144dd318}> (0x00000007144dd318) 
thrown [s\src\hotspot\share\prims\jni.cpp, line 516]
Event: 0.417 Thread 0x000001abc76637c0 Exception <a 'java/io/FileNotFoundException'{0x000000071451e2a8}> (0x000000071451e2a8) 
thrown [s\src\hotspot\share\prims\jni.cpp, line 516]
Event: 0.420 Thread 0x000001abc76637c0 Exception <a 'java/io/FileNotFoundException'{0x000000071452e6a8}> (0x000000071452e6a8) 
thrown [s\src\hotspot\share\prims\jni.cpp, line 516]
Event: 0.422 Thread 0x000001abc76637c0 Exception <a 'java/io/FileNotFoundException'{0x000000071453a8d8}> (0x000000071453a8d8) 
thrown [s\src\hotspot\share\prims\jni.cpp, line 516]
Event: 0.425 Thread 0x000001abc76637c0 Exception <a 'java/io/FileNotFoundException'{0x0000000713fc70c0}> (0x0000000713fc70c0) 
thrown [s\src\hotspot\share\prims\jni.cpp, line 516]
Event: 0.427 Thread 0x000001abc76637c0 Exception <a 'java/io/FileNotFoundException'{0x0000000713d8f3e8}> (0x0000000713d8f3e8) 
thrown [s\src\hotspot\share\prims\jni.cpp, line 516]
Event: 0.429 Thread 0x000001abc76637c0 Exception <a 'java/io/FileNotFoundException'{0x0000000713dd0570}> (0x0000000713dd0570) 
thrown [s\src\hotspot\share\prims\jni.cpp, line 516]
Event: 0.432 Thread 0x000001abc76637c0 Exception <a 'java/io/FileNotFoundException'{0x0000000713de0c78}> (0x0000000713de0c78) 
thrown [s\src\hotspot\share\prims\jni.cpp, line 516]
Event: 0.451 Thread 0x000001abc76637c0 Exception <a 'java/lang/ClassNotFoundException'{0x00000007134f8cb0}: com/sun/glass/ui/win/themes> (0x00000007134f8cb0) 
thrown [s\src\hotspot\share\prims\jni.cpp, line 535]
Event: 0.452 Thread 0x000001abc76637c0 Exception <a 'java/lang/ClassNotFoundException'{0x0000000713505610}: com/sun/glass/ui/win/themes_en> (0x0000000713505610) 
thrown [s\src\hotspot\share\prims\jni.cpp, line 535]
Event: 0.452 Thread 0x000001abc76637c0 Exception <a 'java/lang/ClassNotFoundException'{0x000000071350d3a0}: com/sun/glass/ui/win/themes_en_US> (0x000000071350d3a0) 
thrown [s\src\hotspot\share\prims\jni.cpp, line 535]
Event: 0.500 Thread 0x000001abc76637c0 Exception <a 'java/lang/NoSuchMethodError'{0x0000000712b0b7a8}: 'void java.lang.invoke.DirectMethodHandle$Holder.invokeStaticInit(java.lang.Object, java.lang.Object)'> (0x0000000712b0b7a8) 
thrown [s\src\hotspot\share\interpreter\linkResolver.cpp, line 759]
Event: 0.505 Thread 0x000001abc76637c0 Exception <a 'java/lang/NoSuchMethodError'{0x0000000712b563e0}: 'void java.lang.invoke.DirectMethodHandle$Holder.invokeSpecial(java.lang.Object, java.lang.Object, java.lang.Object, java.lang.Object, java.lang.Object)'> (0x0000000712b563e0) 
thrown [s\src\hotspot\share\interpreter\linkResolver.cpp, line 759]
Event: 0.596 Thread 0x000001abc76637c0 Exception <a 'java/io/FileNotFoundException'{0x000000071251bd00}> (0x000000071251bd00) 
thrown [s\src\hotspot\share\prims\jni.cpp, line 516]
Event: 0.610 Thread 0x000001abc76637c0 Exception <a 'java/io/FileNotFoundException'{0x0000000712526328}> (0x0000000712526328) 
thrown [s\src\hotspot\share\prims\jni.cpp, line 516]
Event: 0.621 Thread 0x000001abc76637c0 Exception <a 'java/io/FileNotFoundException'{0x000000071252e980}> (0x000000071252e980) 
thrown [s\src\hotspot\share\prims\jni.cpp, line 516]
Event: 0.639 Thread 0x000001abc76637c0 Exception <a 'java/io/FileNotFoundException'{0x00000007125410f8}> (0x00000007125410f8) 
thrown [s\src\hotspot\share\prims\jni.cpp, line 516]
Event: 0.704 Thread 0x000001abc76637c0 Exception <a 'java/io/FileNotFoundException'{0x00000007125502e8}> (0x00000007125502e8) 
thrown [s\src\hotspot\share\prims\jni.cpp, line 516]

VM Operations (20 events):
Event: 0.785 Executing VM operation: G1Concurrent done
Event: 0.786 Executing VM operation: G1Concurrent
Event: 0.786 Executing VM operation: G1Concurrent done
Event: 0.787 Executing VM operation: G1TryInitiateConcMark
Event: 0.789 Executing VM operation: G1TryInitiateConcMark done
Event: 0.798 Executing VM operation: G1TryInitiateConcMark
Event: 0.801 Executing VM operation: G1TryInitiateConcMark done
Event: 0.801 Executing VM operation: G1TryInitiateConcMark
Event: 0.803 Executing VM operation: G1TryInitiateConcMark done
Event: 0.804 Executing VM operation: G1Concurrent
Event: 0.805 Executing VM operation: G1Concurrent done
Event: 0.806 Executing VM operation: G1Concurrent
Event: 0.806 Executing VM operation: G1Concurrent done
Event: 0.807 Executing VM operation: G1TryInitiateConcMark
Event: 0.808 Executing VM operation: G1TryInitiateConcMark done
Event: 0.809 Executing VM operation: G1Concurrent
Event: 0.811 Executing VM operation: G1Concurrent done
Event: 0.811 Executing VM operation: G1Concurrent
Event: 0.812 Executing VM operation: G1Concurrent done
Event: 0.812 Executing VM operation: G1TryInitiateConcMark

Events (20 events):
Event: 0.571 loading class sun/reflect/generics/reflectiveObjects/LazyReflectiveObjectGenerator
Event: 0.571 loading class sun/reflect/generics/reflectiveObjects/LazyReflectiveObjectGenerator done
Event: 0.571 loading class sun/reflect/generics/reflectiveObjects/TypeVariableImpl done
Event: 0.573 loading class jdk/internal/math/FDBigInteger
Event: 0.573 loading class jdk/internal/math/FDBigInteger done
Event: 0.581 loading class java/util/concurrent/ConcurrentHashMap$KeySetView
Event: 0.581 loading class java/util/concurrent/ConcurrentHashMap$KeySetView done
Event: 0.581 loading class java/util/Collections$3
Event: 0.581 loading class java/util/Collections$3 done
Event: 0.581 loading class java/util/concurrent/ConcurrentHashMap$KeyIterator
Event: 0.581 loading class java/util/concurrent/ConcurrentHashMap$KeyIterator done
Event: 0.585 loading class sun/nio/cs/UTF_16BE$Decoder
Event: 0.585 loading class sun/nio/cs/UnicodeDecoder
Event: 0.585 loading class sun/nio/cs/UnicodeDecoder done
Event: 0.585 loading class sun/nio/cs/UTF_16BE$Decoder done
Event: 0.595 loading class com/sun/org/apache/xerces/internal/impl/io/MalformedByteSequenceException
Event: 0.595 loading class java/io/CharConversionException
Event: 0.595 loading class java/io/CharConversionException done
Event: 0.595 loading class com/sun/org/apache/xerces/internal/impl/io/MalformedByteSequenceException done
Event: 0.755 Thread 0x000001abc6d28030 Thread exited: 0x000001abc6d28030


Dynamic libraries:
0x00007ff6b83b0000 - 0x00007ff6b83be000 	C:\Users\chris\.p2\pool\plugins\org.eclipse.justj.openjdk.hotspot.jre.full.win32.x86_64_17.0.4.v20220805-1047\jre\bin\javaw.exe
0x00007ffb6a5c0000 - 0x00007ffb6a7c9000 	C:\Windows\SYSTEM32\ntdll.dll
0x00007ffb6a390000 - 0x00007ffb6a44d000 	C:\Windows\System32\KERNEL32.DLL
0x00007ffb680a0000 - 0x00007ffb6841c000 	C:\Windows\System32\KERNELBASE.dll
0x00007ffb67dd0000 - 0x00007ffb67ee1000 	C:\Windows\System32\ucrtbase.dll
0x00007ffb5a000000 - 0x00007ffb5a018000 	C:\Users\chris\.p2\pool\plugins\org.eclipse.justj.openjdk.hotspot.jre.full.win32.x86_64_17.0.4.v20220805-1047\jre\bin\jli.dll
0x00007ffb59fe0000 - 0x00007ffb59ff9000 	C:\Users\chris\.p2\pool\plugins\org.eclipse.justj.openjdk.hotspot.jre.full.win32.x86_64_17.0.4.v20220805-1047\jre\bin\VCRUNTIME140.dll
0x00007ffb691d0000 - 0x00007ffb6937d000 	C:\Windows\System32\USER32.dll
0x00007ffb68420000 - 0x00007ffb68446000 	C:\Windows\System32\win32u.dll
0x00007ffb4af40000 - 0x00007ffb4b1e5000 	C:\Windows\WinSxS\amd64_microsoft.windows.common-controls_6595b64144ccf1df_6.0.22000.120_none_9d947278b86cc467\COMCTL32.dll
0x00007ffb6a360000 - 0x00007ffb6a389000 	C:\Windows\System32\GDI32.dll
0x00007ffb67cb0000 - 0x00007ffb67dc9000 	C:\Windows\System32\gdi32full.dll
0x00007ffb69d10000 - 0x00007ffb69db3000 	C:\Windows\System32\msvcrt.dll
0x00007ffb67aa0000 - 0x00007ffb67b3d000 	C:\Windows\System32\msvcp_win.dll
0x00007ffb68f10000 - 0x00007ffb68f41000 	C:\Windows\System32\IMM32.DLL
0x00007ffb60720000 - 0x00007ffb6072c000 	C:\Users\chris\.p2\pool\plugins\org.eclipse.justj.openjdk.hotspot.jre.full.win32.x86_64_17.0.4.v20220805-1047\jre\bin\vcruntime140_1.dll
0x00007ffb528a0000 - 0x00007ffb52931000 	C:\Users\chris\.p2\pool\plugins\org.eclipse.justj.openjdk.hotspot.jre.full.win32.x86_64_17.0.4.v20220805-1047\jre\bin\msvcp140.dll
0x00007ffb1d980000 - 0x00007ffb1e5c6000 	C:\Users\chris\.p2\pool\plugins\org.eclipse.justj.openjdk.hotspot.jre.full.win32.x86_64_17.0.4.v20220805-1047\jre\bin\server\jvm.dll
0x00007ffb6a460000 - 0x00007ffb6a50e000 	C:\Windows\System32\ADVAPI32.dll
0x00007ffb69e30000 - 0x00007ffb69ece000 	C:\Windows\System32\sechost.dll
0x00007ffb68f50000 - 0x00007ffb69070000 	C:\Windows\System32\RPCRT4.dll
0x00007ffb68450000 - 0x00007ffb68458000 	C:\Windows\System32\PSAPI.DLL
0x00007ffb60690000 - 0x00007ffb60699000 	C:\Windows\SYSTEM32\WSOCK32.dll
0x00007ffb5f380000 - 0x00007ffb5f3b3000 	C:\Windows\SYSTEM32\WINMM.dll
0x00007ffb6a510000 - 0x00007ffb6a57f000 	C:\Windows\System32\WS2_32.dll
0x00007ffb5c890000 - 0x00007ffb5c89a000 	C:\Windows\SYSTEM32\VERSION.dll
0x00007ffb66c50000 - 0x00007ffb66c68000 	C:\Windows\SYSTEM32\kernel.appcore.dll
0x00007ffb60680000 - 0x00007ffb6068a000 	C:\Users\chris\.p2\pool\plugins\org.eclipse.justj.openjdk.hotspot.jre.full.win32.x86_64_17.0.4.v20220805-1047\jre\bin\jimage.dll
0x00007ffb65580000 - 0x00007ffb657a1000 	C:\Windows\SYSTEM32\DBGHELP.DLL
0x00007ffb46500000 - 0x00007ffb46531000 	C:\Windows\SYSTEM32\dbgcore.DLL
0x00007ffb67fb0000 - 0x00007ffb6802f000 	C:\Windows\System32\bcryptPrimitives.dll
0x00007ffb59d70000 - 0x00007ffb59d95000 	C:\Users\chris\.p2\pool\plugins\org.eclipse.justj.openjdk.hotspot.jre.full.win32.x86_64_17.0.4.v20220805-1047\jre\bin\java.dll
0x00007ffb60660000 - 0x00007ffb60678000 	C:\Users\chris\.p2\pool\plugins\org.eclipse.justj.openjdk.hotspot.jre.full.win32.x86_64_17.0.4.v20220805-1047\jre\bin\zip.dll
0x00007ffb68540000 - 0x00007ffb68cf8000 	C:\Windows\System32\SHELL32.dll
0x00007ffb65be0000 - 0x00007ffb66448000 	C:\Windows\SYSTEM32\windows.storage.dll
0x00007ffb69380000 - 0x00007ffb696f9000 	C:\Windows\System32\combase.dll
0x00007ffb65910000 - 0x00007ffb65a76000 	C:\Windows\SYSTEM32\wintypes.dll
0x00007ffb69ed0000 - 0x00007ffb69fba000 	C:\Windows\System32\SHCORE.dll
0x00007ffb68e30000 - 0x00007ffb68e8d000 	C:\Windows\System32\shlwapi.dll
0x00007ffb679d0000 - 0x00007ffb679f1000 	C:\Windows\SYSTEM32\profapi.dll
0x00007ffb59cc0000 - 0x00007ffb59cd9000 	C:\Users\chris\.p2\pool\plugins\org.eclipse.justj.openjdk.hotspot.jre.full.win32.x86_64_17.0.4.v20220805-1047\jre\bin\net.dll
0x00007ffb60c30000 - 0x00007ffb60d3c000 	C:\Windows\SYSTEM32\WINHTTP.dll
0x00007ffb670b0000 - 0x00007ffb67117000 	C:\Windows\system32\mswsock.dll
0x00007ffb57fa0000 - 0x00007ffb57fb5000 	C:\Users\chris\.p2\pool\plugins\org.eclipse.justj.openjdk.hotspot.jre.full.win32.x86_64_17.0.4.v20220805-1047\jre\bin\nio.dll
0x000001aba64f0000 - 0x000001aba64f3000 	C:\Users\chris\eclipse-workspace\MuseumOfBadGUIs\Museum-Of-Bad-GUIs\javafx-sdk-19\bin\api-ms-win-core-console-l1-1-0.dll
0x000001aba6500000 - 0x000001aba6503000 	C:\Users\chris\eclipse-workspace\MuseumOfBadGUIs\Museum-Of-Bad-GUIs\javafx-sdk-19\bin\api-ms-win-core-console-l1-2-0.dll
0x000001aba6510000 - 0x000001aba6513000 	C:\Users\chris\eclipse-workspace\MuseumOfBadGUIs\Museum-Of-Bad-GUIs\javafx-sdk-19\bin\api-ms-win-core-datetime-l1-1-0.dll
0x000001aba6520000 - 0x000001aba6523000 	C:\Users\chris\eclipse-workspace\MuseumOfBadGUIs\Museum-Of-Bad-GUIs\javafx-sdk-19\bin\api-ms-win-core-debug-l1-1-0.dll
0x000001aba6530000 - 0x000001aba6533000 	C:\Users\chris\eclipse-workspace\MuseumOfBadGUIs\Museum-Of-Bad-GUIs\javafx-sdk-19\bin\api-ms-win-core-errorhandling-l1-1-0.dll
0x000001aba6540000 - 0x000001aba6544000 	C:\Users\chris\eclipse-workspace\MuseumOfBadGUIs\Museum-Of-Bad-GUIs\javafx-sdk-19\bin\api-ms-win-core-file-l1-1-0.dll
0x000001aba6550000 - 0x000001aba6553000 	C:\Users\chris\eclipse-workspace\MuseumOfBadGUIs\Museum-Of-Bad-GUIs\javafx-sdk-19\bin\api-ms-win-core-file-l1-2-0.dll
0x000001aba6560000 - 0x000001aba6563000 	C:\Users\chris\eclipse-workspace\MuseumOfBadGUIs\Museum-Of-Bad-GUIs\javafx-sdk-19\bin\api-ms-win-core-file-l2-1-0.dll
0x000001aba6570000 - 0x000001aba6573000 	C:\Users\chris\eclipse-workspace\MuseumOfBadGUIs\Museum-Of-Bad-GUIs\javafx-sdk-19\bin\api-ms-win-core-handle-l1-1-0.dll
0x000001aba6580000 - 0x000001aba6583000 	C:\Users\chris\eclipse-workspace\MuseumOfBadGUIs\Museum-Of-Bad-GUIs\javafx-sdk-19\bin\api-ms-win-core-heap-l1-1-0.dll
0x000001aba6590000 - 0x000001aba6593000 	C:\Users\chris\eclipse-workspace\MuseumOfBadGUIs\Museum-Of-Bad-GUIs\javafx-sdk-19\bin\api-ms-win-core-interlocked-l1-1-0.dll
0x000001aba65a0000 - 0x000001aba65a3000 	C:\Users\chris\eclipse-workspace\MuseumOfBadGUIs\Museum-Of-Bad-GUIs\javafx-sdk-19\bin\api-ms-win-core-libraryloader-l1-1-0.dll
0x000001abc5f90000 - 0x000001abc5f93000 	C:\Users\chris\eclipse-workspace\MuseumOfBadGUIs\Museum-Of-Bad-GUIs\javafx-sdk-19\bin\api-ms-win-core-localization-l1-2-0.dll
0x000001abc5fa0000 - 0x000001abc5fa3000 	C:\Users\chris\eclipse-workspace\MuseumOfBadGUIs\Museum-Of-Bad-GUIs\javafx-sdk-19\bin\api-ms-win-core-memory-l1-1-0.dll
0x000001abc5fb0000 - 0x000001abc5fb3000 	C:\Users\chris\eclipse-workspace\MuseumOfBadGUIs\Museum-Of-Bad-GUIs\javafx-sdk-19\bin\api-ms-win-core-namedpipe-l1-1-0.dll
0x000001abc5fc0000 - 0x000001abc5fc3000 	C:\Users\chris\eclipse-workspace\MuseumOfBadGUIs\Museum-Of-Bad-GUIs\javafx-sdk-19\bin\api-ms-win-core-processenvironment-l1-1-0.dll
0x000001abc5fd0000 - 0x000001abc5fd3000 	C:\Users\chris\eclipse-workspace\MuseumOfBadGUIs\Museum-Of-Bad-GUIs\javafx-sdk-19\bin\api-ms-win-core-processthreads-l1-1-0.dll
0x000001abc5fe0000 - 0x000001abc5fe3000 	C:\Users\chris\eclipse-workspace\MuseumOfBadGUIs\Museum-Of-Bad-GUIs\javafx-sdk-19\bin\api-ms-win-core-processthreads-l1-1-1.dll
0x000001abc5ff0000 - 0x000001abc5ff3000 	C:\Users\chris\eclipse-workspace\MuseumOfBadGUIs\Museum-Of-Bad-GUIs\javafx-sdk-19\bin\api-ms-win-core-profile-l1-1-0.dll
0x000001abc84d0000 - 0x000001abc84d3000 	C:\Users\chris\eclipse-workspace\MuseumOfBadGUIs\Museum-Of-Bad-GUIs\javafx-sdk-19\bin\api-ms-win-core-rtlsupport-l1-1-0.dll
0x000001abc84e0000 - 0x000001abc84e3000 	C:\Users\chris\eclipse-workspace\MuseumOfBadGUIs\Museum-Of-Bad-GUIs\javafx-sdk-19\bin\api-ms-win-core-string-l1-1-0.dll
0x000001abc84f0000 - 0x000001abc84f3000 	C:\Users\chris\eclipse-workspace\MuseumOfBadGUIs\Museum-Of-Bad-GUIs\javafx-sdk-19\bin\api-ms-win-core-synch-l1-1-0.dll
0x000001abc8500000 - 0x000001abc8503000 	C:\Users\chris\eclipse-workspace\MuseumOfBadGUIs\Museum-Of-Bad-GUIs\javafx-sdk-19\bin\api-ms-win-core-synch-l1-2-0.dll
0x000001abc8510000 - 0x000001abc8513000 	C:\Users\chris\eclipse-workspace\MuseumOfBadGUIs\Museum-Of-Bad-GUIs\javafx-sdk-19\bin\api-ms-win-core-sysinfo-l1-1-0.dll
0x000001abc8520000 - 0x000001abc8523000 	C:\Users\chris\eclipse-workspace\MuseumOfBadGUIs\Museum-Of-Bad-GUIs\javafx-sdk-19\bin\api-ms-win-core-timezone-l1-1-0.dll
0x000001abc8530000 - 0x000001abc8533000 	C:\Users\chris\eclipse-workspace\MuseumOfBadGUIs\Museum-Of-Bad-GUIs\javafx-sdk-19\bin\api-ms-win-core-util-l1-1-0.dll
0x000001abc8540000 - 0x000001abc8543000 	C:\Users\chris\eclipse-workspace\MuseumOfBadGUIs\Museum-Of-Bad-GUIs\javafx-sdk-19\bin\api-ms-win-crt-conio-l1-1-0.dll
0x000001abc8550000 - 0x000001abc8554000 	C:\Users\chris\eclipse-workspace\MuseumOfBadGUIs\Museum-Of-Bad-GUIs\javafx-sdk-19\bin\api-ms-win-crt-convert-l1-1-0.dll
0x000001abc8560000 - 0x000001abc8563000 	C:\Users\chris\eclipse-workspace\MuseumOfBadGUIs\Museum-Of-Bad-GUIs\javafx-sdk-19\bin\api-ms-win-crt-environment-l1-1-0.dll
0x000001abc8570000 - 0x000001abc8573000 	C:\Users\chris\eclipse-workspace\MuseumOfBadGUIs\Museum-Of-Bad-GUIs\javafx-sdk-19\bin\api-ms-win-crt-filesystem-l1-1-0.dll
0x000001abc8580000 - 0x000001abc8583000 	C:\Users\chris\eclipse-workspace\MuseumOfBadGUIs\Museum-Of-Bad-GUIs\javafx-sdk-19\bin\api-ms-win-crt-heap-l1-1-0.dll
0x000001abc8590000 - 0x000001abc8593000 	C:\Users\chris\eclipse-workspace\MuseumOfBadGUIs\Museum-Of-Bad-GUIs\javafx-sdk-19\bin\api-ms-win-crt-locale-l1-1-0.dll
0x000001abc85a0000 - 0x000001abc85a5000 	C:\Users\chris\eclipse-workspace\MuseumOfBadGUIs\Museum-Of-Bad-GUIs\javafx-sdk-19\bin\api-ms-win-crt-math-l1-1-0.dll
0x000001abc85b0000 - 0x000001abc85b5000 	C:\Users\chris\eclipse-workspace\MuseumOfBadGUIs\Museum-Of-Bad-GUIs\javafx-sdk-19\bin\api-ms-win-crt-multibyte-l1-1-0.dll
0x000001abc85c0000 - 0x000001abc85d0000 	C:\Users\chris\eclipse-workspace\MuseumOfBadGUIs\Museum-Of-Bad-GUIs\javafx-sdk-19\bin\api-ms-win-crt-private-l1-1-0.dll
0x000001abc85d0000 - 0x000001abc85d3000 	C:\Users\chris\eclipse-workspace\MuseumOfBadGUIs\Museum-Of-Bad-GUIs\javafx-sdk-19\bin\api-ms-win-crt-process-l1-1-0.dll
0x000001abc85e0000 - 0x000001abc85e4000 	C:\Users\chris\eclipse-workspace\MuseumOfBadGUIs\Museum-Of-Bad-GUIs\javafx-sdk-19\bin\api-ms-win-crt-runtime-l1-1-0.dll
0x000001abc85f0000 - 0x000001abc85f4000 	C:\Users\chris\eclipse-workspace\MuseumOfBadGUIs\Museum-Of-Bad-GUIs\javafx-sdk-19\bin\api-ms-win-crt-stdio-l1-1-0.dll
0x000001abc8600000 - 0x000001abc8604000 	C:\Users\chris\eclipse-workspace\MuseumOfBadGUIs\Museum-Of-Bad-GUIs\javafx-sdk-19\bin\api-ms-win-crt-string-l1-1-0.dll
0x000001abc8610000 - 0x000001abc8613000 	C:\Users\chris\eclipse-workspace\MuseumOfBadGUIs\Museum-Of-Bad-GUIs\javafx-sdk-19\bin\api-ms-win-crt-time-l1-1-0.dll
0x000001abc8620000 - 0x000001abc8623000 	C:\Users\chris\eclipse-workspace\MuseumOfBadGUIs\Museum-Of-Bad-GUIs\javafx-sdk-19\bin\api-ms-win-crt-utility-l1-1-0.dll
0x00007ffb1c6c0000 - 0x00007ffb1c7bc000 	C:\Users\chris\eclipse-workspace\MuseumOfBadGUIs\Museum-Of-Bad-GUIs\javafx-sdk-19\bin\ucrtbase.dll
0x00007ffb59e50000 - 0x00007ffb59e6b000 	C:\Users\chris\eclipse-workspace\MuseumOfBadGUIs\Museum-Of-Bad-GUIs\javafx-sdk-19\bin\vcruntime140.dll
0x00007ffb59e40000 - 0x00007ffb59e4c000 	C:\Users\chris\eclipse-workspace\MuseumOfBadGUIs\Museum-Of-Bad-GUIs\javafx-sdk-19\bin\vcruntime140_1.dll
0x00007ffb527a0000 - 0x00007ffb5282e000 	C:\Users\chris\eclipse-workspace\MuseumOfBadGUIs\Museum-Of-Bad-GUIs\javafx-sdk-19\bin\msvcp140.dll
0x00007ffb59df0000 - 0x00007ffb59df9000 	C:\Users\chris\eclipse-workspace\MuseumOfBadGUIs\Museum-Of-Bad-GUIs\javafx-sdk-19\bin\msvcp140_1.dll
0x00007ffb58190000 - 0x00007ffb581c0000 	C:\Users\chris\eclipse-workspace\MuseumOfBadGUIs\Museum-Of-Bad-GUIs\javafx-sdk-19\bin\msvcp140_2.dll
0x00007ffb58160000 - 0x00007ffb5818c000 	C:\Users\chris\eclipse-workspace\MuseumOfBadGUIs\Museum-Of-Bad-GUIs\javafx-sdk-19\bin\prism_d3d.dll
0x00007ffb58bb0000 - 0x00007ffb58d56000 	C:\Windows\system32\d3d9.dll
0x00007ffb64fa0000 - 0x00007ffb64fcf000 	C:\Windows\SYSTEM32\dwmapi.dll
0x00007ffb64da0000 - 0x00007ffb64dd8000 	C:\Windows\SYSTEM32\dxcore.dll
0x00007ffb61e80000 - 0x00007ffb61f2c000 	C:\Windows\system32\uxtheme.dll
0x00007ffb40660000 - 0x00007ffb4071b000 	C:\Windows\SYSTEM32\d3d9on12.dll
0x00007ffb349a0000 - 0x00007ffb349c2000 	C:\Windows\SYSTEM32\d3d12.dll
0x00007ffb62080000 - 0x00007ffb62173000 	C:\Windows\SYSTEM32\dxgi.dll
0x00007ffb677c0000 - 0x00007ffb6780c000 	C:\Windows\SYSTEM32\cfgmgr32.dll
0x00007ffb105e0000 - 0x00007ffb107e4000 	C:\Windows\SYSTEM32\D3D12Core.dll
0x00007ffb340d0000 - 0x00007ffb340f3000 	C:\Windows\System32\DriverStore\FileRepository\iigd_dch.inf_amd64_73022b365386aa77\igd12umd64.dll
0x00007ffb04420000 - 0x00007ffb04e3b000 	C:\Windows\System32\DriverStore\FileRepository\iigd_dch.inf_amd64_73022b365386aa77\igd12um64xel.dll
0x00007ffb67b40000 - 0x00007ffb67ca2000 	C:\Windows\System32\CRYPT32.dll
0x00007ffb67480000 - 0x00007ffb674a7000 	C:\Windows\SYSTEM32\bcrypt.dll
0x00007ffb5be90000 - 0x00007ffb5bec9000 	C:\Windows\SYSTEM32\ControlLib.dll
0x00007ffb69700000 - 0x00007ffb69b6c000 	C:\Windows\System32\SETUPAPI.dll
0x00007ffb67770000 - 0x00007ffb6779c000 	C:\Windows\SYSTEM32\DEVOBJ.dll
0x00007ffb5be20000 - 0x00007ffb5be81000 	C:\Windows\System32\DriverStore\FileRepository\iigd_dch.inf_amd64_73022b365386aa77\IntelControlLib.dll
0x00007ffb68030000 - 0x00007ffb68098000 	C:\Windows\System32\WINTRUST.dll
0x00007ffb67350000 - 0x00007ffb67362000 	C:\Windows\SYSTEM32\MSASN1.dll
0x00007ffb5ecc0000 - 0x00007ffb5ed04000 	C:\Windows\SYSTEM32\directxdatabasehelper.dll
0x00007ffb64f40000 - 0x00007ffb64f74000 	C:\Windows\SYSTEM32\ntmarta.dll
0x00007ffb591c0000 - 0x00007ffb59588000 	C:\Windows\System32\DriverStore\FileRepository\iigd_dch.inf_amd64_73022b365386aa77\igdgmm64.dll
0x00007ffb52940000 - 0x00007ffb55f45000 	C:\Windows\System32\DriverStore\FileRepository\iigd_dch.inf_amd64_73022b365386aa77\igc64.dll
0x00007ffb69b70000 - 0x00007ffb69d0a000 	C:\Windows\System32\ole32.dll
0x00007ffb27020000 - 0x00007ffb2704d000 	C:\Windows\SYSTEM32\D3DSCache.dll
0x00007ffb671a0000 - 0x00007ffb671c9000 	C:\Windows\SYSTEM32\USERENV.dll
0x00007ffb20110000 - 0x00007ffb24970000 	C:\Windows\System32\DriverStore\FileRepository\iigd_dch.inf_amd64_73022b365386aa77\igd12dxva64.dll
0x00007ffb68460000 - 0x00007ffb68536000 	C:\Windows\System32\OLEAUT32.dll
0x00007ffb13890000 - 0x00007ffb138b7000 	C:\Windows\System32\DriverStore\FileRepository\iigd_dch.inf_amd64_73022b365386aa77\igdinfo64.dll
0x00007ffb52750000 - 0x00007ffb52792000 	C:\Users\chris\eclipse-workspace\MuseumOfBadGUIs\Museum-Of-Bad-GUIs\javafx-sdk-19\bin\glass.dll
0x00007ffb69070000 - 0x00007ffb6915c000 	C:\Windows\System32\COMDLG32.dll
0x00007ffb68d10000 - 0x00007ffb68e2e000 	C:\Windows\System32\MSCTF.dll
0x00007ffb524e0000 - 0x00007ffb524f4000 	C:\Users\chris\eclipse-workspace\MuseumOfBadGUIs\Museum-Of-Bad-GUIs\javafx-sdk-19\bin\javafx_font.dll
0x00007ffb4cfd0000 - 0x00007ffb4d22f000 	C:\Windows\SYSTEM32\dwrite.dll

dbghelp: loaded successfully - version: 4.0.5 - missing functions: none
symbol engine: initialized successfully - sym options: 0x614 - pdb path: .;C:\Users\chris\.p2\pool\plugins\org.eclipse.justj.openjdk.hotspot.jre.full.win32.x86_64_17.0.4.v20220805-1047\jre\bin;C:\Windows\SYSTEM32;C:\Windows\WinSxS\amd64_microsoft.windows.common-controls_6595b64144ccf1df_6.0.22000.120_none_9d947278b86cc467;C:\Users\chris\.p2\pool\plugins\org.eclipse.justj.openjdk.hotspot.jre.full.win32.x86_64_17.0.4.v20220805-1047\jre\bin\server;C:\Users\chris\eclipse-workspace\MuseumOfBadGUIs\Museum-Of-Bad-GUIs\javafx-sdk-19\bin;C:\Windows\System32\DriverStore\FileRepository\iigd_dch.inf_amd64_73022b365386aa77

VM Arguments:
jvm_args: --module-path=javafx-sdk-19\lib --add-modules=javafx.controls,javafx.fxml -Dfile.encoding=UTF-8 -XX:+ShowCodeDetailsInExceptionMessages 
java_command: app.Runner
java_class_path (initial): C:\Users\chris\eclipse-workspace\MuseumOfBadGUIs\Museum-Of-Bad-GUIs\bin;C:\Users\chris\eclipse\javafx-sdk-19\lib\javafx.base.jar;C:\Users\chris\eclipse\javafx-sdk-19\lib\javafx.controls.jar;C:\Users\chris\eclipse\javafx-sdk-19\lib\javafx.fxml.jar;C:\Users\chris\eclipse\javafx-sdk-19\lib\javafx.graphics.jar;C:\Users\chris\eclipse\javafx-sdk-19\lib\javafx.media.jar;C:\Users\chris\eclipse\javafx-sdk-19\lib\javafx.swing.jar;C:\Users\chris\eclipse\javafx-sdk-19\lib\javafx.web.jar;C:\Users\chris\eclipse\javafx-sdk-19\lib\javafx-swt.jar
Launcher Type: SUN_STANDARD

[Global flags]
     intx CICompilerCount                          = 12                                        {product} {ergonomic}
     uint ConcGCThreads                            = 4                                         {product} {ergonomic}
     uint G1ConcRefinementThreads                  = 15                                        {product} {ergonomic}
   size_t G1HeapRegionSize                         = 2097152                                   {product} {ergonomic}
    uintx GCDrainStackTargetSize                   = 64                                        {product} {ergonomic}
   size_t InitialHeapSize                          = 264241152                                 {product} {ergonomic}
   size_t MarkStackSize                            = 4194304                                   {product} {ergonomic}
   size_t MaxHeapSize                              = 4215275520                                {product} {ergonomic}
   size_t MaxNewSize                               = 2529165312                                {product} {ergonomic}
   size_t MinHeapDeltaBytes                        = 2097152                                   {product} {ergonomic}
   size_t MinHeapSize                              = 8388608                                   {product} {ergonomic}
    uintx NonNMethodCodeHeapSize                   = 7602480                                {pd product} {ergonomic}
    uintx NonProfiledCodeHeapSize                  = 122027880                              {pd product} {ergonomic}
    uintx ProfiledCodeHeapSize                     = 122027880                              {pd product} {ergonomic}
    uintx ReservedCodeCacheSize                    = 251658240                              {pd product} {ergonomic}
     bool SegmentedCodeCache                       = true                                      {product} {ergonomic}
     bool ShowCodeDetailsInExceptionMessages       = true                                   {manageable} {command line}
   size_t SoftMaxHeapSize                          = 4215275520                             {manageable} {ergonomic}
     bool UseCompressedClassPointers               = true                           {product lp64_product} {ergonomic}
     bool UseCompressedOops                        = true                           {product lp64_product} {ergonomic}
     bool UseG1GC                                  = true                                      {product} {ergonomic}
     bool UseLargePagesIndividualAllocation        = false                                  {pd product} {ergonomic}

Logging:
Log output configuration:
 #0: stdout all=warning uptime,level,tags
 #1: stderr all=off uptime,level,tags

Environment Variables:
PATH=C:/Users/chris/.p2/pool/plugins/org.eclipse.justj.openjdk.hotspot.jre.full.win32.x86_64_17.0.4.v20220805-1047/jre/bin/server;C:/Users/chris/.p2/pool/plugins/org.eclipse.justj.openjdk.hotspot.jre.full.win32.x86_64_17.0.4.v20220805-1047/jre/bin;C:\Windows\system32;C:\Windows;C:\Windows\System32\Wbem;C:\Windows\System32\WindowsPowerShell\v1.0\;C:\Windows\System32\OpenSSH\;C:\Program Files\NVIDIA Corporation\NVIDIA NvDLISR;C:\Users\chris\AppData\Local\Microsoft\WindowsApps;C:\Users\chris\AppData\Local\Programs\Microsoft VS Code\bin;C:\Users\chris\AppData\Local\GitHubDesktop\bin;C:\Users\chris\OneDrive\Desktop;
USERNAME=chris
OS=Windows_NT
PROCESSOR_IDENTIFIER=Intel64 Family 6 Model 154 Stepping 3, GenuineIntel
TMP=C:\Users\chris\AppData\Local\Temp
TEMP=C:\Users\chris\AppData\Local\Temp



---------------  S Y S T E M  ---------------

OS:
 Windows 11 , 64 bit Build 22000 (10.0.22000.708)
OS uptime: 0 days 9:49 hours
Hyper-V role detected

CPU: total 20 (initial active 20) (10 cores per cpu, 2 threads per core) family 6 model 154 stepping 3 microcode 0x41b, cx8, cmov, fxsr, ht, mmx, 3dnowpref, sse, sse2, sse3, ssse3, sse4.1, sse4.2, popcnt, lzcnt, tsc, tscinvbit, avx, avx2, aes, erms, clmul, bmi1, bmi2, adx, sha, fma, vzeroupper, clflush, clflushopt, clwb, hv

Memory: 4k page, system-wide physical 16074M (915M free)
TotalPageFile size 64961M (AvailPageFile size 436M)
current process WorkingSet (physical memory assigned to process): 434M, peak: 434M
current process commit charge ("private bytes"): 735M, peak: 1685M

vm_info: OpenJDK 64-Bit Server VM (17.0.4+8) for windows-amd64 JRE (17.0.4+8), built on Jul 19 2022 16:05:16 by "temurin" with MS VC++ 16.7 (VS2019)

END.
